<?xml version="1.0" encoding="UTF-8"?>
<testsuite name="AccountServiceTest" tests="1" skipped="0" failures="0" errors="0" timestamp="2023-02-26T06:49:03" hostname="DESKTOP-4FRVMN0" time="50.217">
  <properties/>
  <testcase name="start" classname="AccountServiceTest" time="50.217"/>
  <system-out><![CDATA[?[1;31m
Start test 1?[0m
?[0;34m
?[0m?[0;34m  .   ____          _            __ _ _
?[0m?[0;34m /\\ / ___'_ __ _ _(_)_ __  __ _ \ \ \ \
?[0m?[0;34m( ( )\___ | '_ | '_| | '_ \/ _` | \ \ \ \
?[0m?[0;34m \\/  ___)| |_)| | | | | || (_| |  ) ) ) )
?[0m?[0;34m  '  |____| .__|_| |_|_| |_\__, | / / / /
?[0m?[0;34m =========|_|==============|___/=/_/_/_/
?[0m?[0;34m :: Spring Boot ::                (v2.5.6)
?[0m?[0;34m
?[0m?[0;34m2023-02-26 03:49:04.516  INFO 25504 --- [    Test worker] account.AccountServiceApplication        : Starting AccountServiceApplication using Java 17.0.6 on DESKTOP-4FRVMN0 with PID 25504 (started by Victor in D:\java\backend-java\Account Service\Account Service\task)
?[0m?[0;34m2023-02-26 03:49:04.518  INFO 25504 --- [    Test worker] account.AccountServiceApplication        : No active profile set, falling back to default profiles: default
?[0m?[0;34m2023-02-26 03:49:05.348  INFO 25504 --- [    Test worker] .s.d.r.c.RepositoryConfigurationDelegate : Bootstrapping Spring Data JPA repositories in DEFAULT mode.
?[0m?[0;34m2023-02-26 03:49:05.407  INFO 25504 --- [    Test worker] .s.d.r.c.RepositoryConfigurationDelegate : Finished Spring Data repository scanning in 50 ms. Found 2 JPA repository interfaces.
?[0m?[0;34m2023-02-26 03:49:06.028  INFO 25504 --- [    Test worker] o.s.b.w.embedded.tomcat.TomcatWebServer  : Tomcat initialized with port(s): 28852 (http)
?[0m?[0;34m2023-02-26 03:49:06.037  INFO 25504 --- [    Test worker] o.apache.catalina.core.StandardService   : Starting service [Tomcat]
?[0m?[0;34m2023-02-26 03:49:06.038  INFO 25504 --- [    Test worker] org.apache.catalina.core.StandardEngine  : Starting Servlet engine: [Apache Tomcat/9.0.54]
?[0m?[0;34m2023-02-26 03:49:06.134  INFO 25504 --- [    Test worker] o.a.c.c.C.[Tomcat].[localhost].[/]       : Initializing Spring embedded WebApplicationContext
?[0m?[0;34m2023-02-26 03:49:06.134  INFO 25504 --- [    Test worker] w.s.c.ServletWebServerApplicationContext : Root WebApplicationContext: initialization completed in 1580 ms
?[0m?[0;34m2023-02-26 03:49:06.348  INFO 25504 --- [    Test worker] com.zaxxer.hikari.HikariDataSource       : HikariPool-1 - Starting...
?[0m?[0;34m2023-02-26 03:49:06.512  INFO 25504 --- [    Test worker] com.zaxxer.hikari.HikariDataSource       : HikariPool-1 - Start completed.
?[0m?[0;34m2023-02-26 03:49:06.519  INFO 25504 --- [    Test worker] o.s.b.a.h2.H2ConsoleAutoConfiguration    : H2 console available at '/h2-console'. Database available at 'jdbc:h2:file:../service_db'
?[0m?[0;34m2023-02-26 03:49:06.770  INFO 25504 --- [    Test worker] o.hibernate.jpa.internal.util.LogHelper  : HHH000204: Processing PersistenceUnitInfo [name: default]
?[0m?[0;34m2023-02-26 03:49:06.823  INFO 25504 --- [    Test worker] org.hibernate.Version                    : HHH000412: Hibernate ORM core version 5.4.32.Final
?[0m?[0;34m2023-02-26 03:49:06.957  INFO 25504 --- [    Test worker] o.hibernate.annotations.common.Version   : HCANN000001: Hibernate Commons Annotations {5.1.2.Final}
?[0m?[0;34m2023-02-26 03:49:07.063  INFO 25504 --- [    Test worker] org.hibernate.dialect.Dialect            : HHH000400: Using dialect: org.hibernate.dialect.H2Dialect
?[0m?[0;34m2023-02-26 03:49:07.736  INFO 25504 --- [    Test worker] o.h.e.t.j.p.i.JtaPlatformInitiator       : HHH000490: Using JtaPlatform implementation: [org.hibernate.engine.transaction.jta.platform.internal.NoJtaPlatform]
?[0m?[0;34m2023-02-26 03:49:07.746  INFO 25504 --- [    Test worker] j.LocalContainerEntityManagerFactoryBean : Initialized JPA EntityManagerFactory for persistence unit 'default'
?[0m?[0;34m2023-02-26 03:49:07.825  WARN 25504 --- [    Test worker] JpaBaseConfiguration$JpaWebConfiguration : spring.jpa.open-in-view is enabled by default. Therefore, database queries may be performed during view rendering. Explicitly configure spring.jpa.open-in-view to disable this warning
?[0m?[0;34m2023-02-26 03:49:09.421  INFO 25504 --- [    Test worker] o.s.b.a.e.web.EndpointLinksResolver      : Exposing 14 endpoint(s) beneath base path '/actuator'
?[0m?[0;34m2023-02-26 03:49:09.528  INFO 25504 --- [    Test worker] o.s.s.web.DefaultSecurityFilterChain     : Will secure any request with [org.springframework.security.web.context.request.async.WebAsyncManagerIntegrationFilter@638b05fb, org.springframework.security.web.context.SecurityContextPersistenceFilter@2e9bff08, org.springframework.security.web.header.HeaderWriterFilter@7926d092, org.springframework.security.web.authentication.logout.LogoutFilter@2da3d7d3, org.springframework.security.web.authentication.www.BasicAuthenticationFilter@3d339541, org.springframework.security.web.savedrequest.RequestCacheAwareFilter@1a345c6c, org.springframework.security.web.servletapi.SecurityContextHolderAwareRequestFilter@20f94e9a, org.springframework.security.web.authentication.AnonymousAuthenticationFilter@77e42cbf, org.springframework.security.web.session.SessionManagementFilter@75eca6d8, org.springframework.security.web.access.ExceptionTranslationFilter@4e6c703a, org.springframework.security.web.access.intercept.FilterSecurityInterceptor@5481001f]
?[0m?[0;34m2023-02-26 03:49:10.032  INFO 25504 --- [    Test worker] o.s.b.w.embedded.tomcat.TomcatWebServer  : Tomcat started on port(s): 28852 (http) with context path ''
?[0m?[0;34m2023-02-26 03:49:10.045  INFO 25504 --- [    Test worker] account.AccountServiceApplication        : Started AccountServiceApplication in 5.843 seconds (JVM running for 6.654)
?[0;34m2023-02-26 03:49:10.304  INFO 25504 --- [io-28852-exec-1] o.a.c.c.C.[Tomcat].[localhost].[/]       : Initializing Spring DispatcherServlet 'dispatcherServlet'
?[0m?[0;34m2023-02-26 03:49:10.304  INFO 25504 --- [io-28852-exec-1] o.s.web.servlet.DispatcherServlet        : Initializing Servlet 'dispatcherServlet'
?[0m?[0;34m2023-02-26 03:49:10.306  INFO 25504 --- [io-28852-exec-1] o.s.web.servlet.DispatcherServlet        : Completed initialization in 1 ms
?[0m?[1;31m
Start test 2?[0m
?[1;31m
Start test 3?[0m
?[1;31m
Start test 4?[0m
?[1;31m
Start test 5?[0m
?[1;31m
Start test 6?[0m
?[1;31m
Start test 7?[0m
?[1;31m
Start test 8?[0m
?[1;31m
Start test 9?[0m
?[1;31m
Start test 10?[0m
?[1;31m
Start test 11?[0m
?[0m?[0;34m2023-02-26 03:49:10.572  INFO 25504 --- [io-28852-exec-1] account.controllers.UserController       : Boy????? + User{id=0, name='John', lastname='Doe', email='JohnDoe@acme.com', password='PasswordForJanuary', roles=null}
?[0m?[0;34m2023-02-26 03:49:10.572  INFO 25504 --- [io-28852-exec-1] account.services.UserServiceImpl         : Boy?:PasswordForJanuary
?[0m?[0;34m2023-02-26 03:49:10.572  INFO 25504 --- [io-28852-exec-1] account.services.UserServiceImpl         : Não veio aqui?
?[0;34m2023-02-26 03:49:10.585  INFO 25504 --- [io-28852-exec-2] account.controllers.UserController       : Boy????? + User{id=0, name='John', lastname='Doe', email='JohnDoe@acme.com', password='PasswordForFebruary', roles=null}
?[0m?[0;34m2023-02-26 03:49:10.585  INFO 25504 --- [io-28852-exec-2] account.services.UserServiceImpl         : Boy?:PasswordForFebruary
?[0m?[0;34m2023-02-26 03:49:10.586  INFO 25504 --- [io-28852-exec-2] account.services.UserServiceImpl         : Não veio aqui?
?[0;34m2023-02-26 03:49:10.593  INFO 25504 --- [io-28852-exec-3] account.controllers.UserController       : Boy????? + User{id=0, name='John', lastname='Doe', email='JohnDoe@acme.com', password='PasswordForMarch', roles=null}
?[0m?[0;34m2023-02-26 03:49:10.594  INFO 25504 --- [io-28852-exec-3] account.services.UserServiceImpl         : Boy?:PasswordForMarch
?[0m?[0;34m2023-02-26 03:49:10.594  INFO 25504 --- [io-28852-exec-3] account.services.UserServiceImpl         : Não veio aqui?
?[0;34m2023-02-26 03:49:10.601  INFO 25504 --- [io-28852-exec-4] account.controllers.UserController       : Boy????? + User{id=0, name='John', lastname='Doe', email='JohnDoe@acme.com', password='PasswordForApril', roles=null}
?[0m?[0;34m2023-02-26 03:49:10.601  INFO 25504 --- [io-28852-exec-4] account.services.UserServiceImpl         : Boy?:PasswordForApril
?[0m?[0;34m2023-02-26 03:49:10.601  INFO 25504 --- [io-28852-exec-4] account.services.UserServiceImpl         : Não veio aqui?
?[0;34m2023-02-26 03:49:10.609  INFO 25504 --- [io-28852-exec-5] account.controllers.UserController       : Boy????? + User{id=0, name='John', lastname='Doe', email='JohnDoe@acme.com', password='PasswordForMay', roles=null}
?[0m?[0;34m2023-02-26 03:49:10.610  INFO 25504 --- [io-28852-exec-5] account.services.UserServiceImpl         : Boy?:PasswordForMay
?[0m?[0;34m2023-02-26 03:49:10.610  INFO 25504 --- [io-28852-exec-5] account.services.UserServiceImpl         : Não veio aqui?
?[0;34m2023-02-26 03:49:10.619  INFO 25504 --- [io-28852-exec-6] account.controllers.UserController       : Boy????? + User{id=0, name='John', lastname='Doe', email='JohnDoe@acme.com', password='PasswordForJune', roles=null}
?[0m?[0;34m2023-02-26 03:49:10.620  INFO 25504 --- [io-28852-exec-6] account.services.UserServiceImpl         : Boy?:PasswordForJune
?[0m?[0;34m2023-02-26 03:49:10.620  INFO 25504 --- [io-28852-exec-6] account.services.UserServiceImpl         : Não veio aqui?
?[0;34m2023-02-26 03:49:10.628  INFO 25504 --- [io-28852-exec-7] account.controllers.UserController       : Boy????? + User{id=0, name='John', lastname='Doe', email='JohnDoe@acme.com', password='PasswordForJuly', roles=null}
?[0m?[0;34m2023-02-26 03:49:10.628  INFO 25504 --- [io-28852-exec-7] account.services.UserServiceImpl         : Boy?:PasswordForJuly
?[0m?[0;34m2023-02-26 03:49:10.628  INFO 25504 --- [io-28852-exec-7] account.services.UserServiceImpl         : Não veio aqui?
?[0;34m2023-02-26 03:49:10.637  INFO 25504 --- [io-28852-exec-8] account.controllers.UserController       : Boy????? + User{id=0, name='John', lastname='Doe', email='JohnDoe@acme.com', password='PasswordForAugust', roles=null}
?[0m?[0;34m2023-02-26 03:49:10.637  INFO 25504 --- [io-28852-exec-8] account.services.UserServiceImpl         : Boy?:PasswordForAugust
?[0m?[0;34m2023-02-26 03:49:10.637  INFO 25504 --- [io-28852-exec-8] account.services.UserServiceImpl         : Não veio aqui?
?[0;34m2023-02-26 03:49:10.644  INFO 25504 --- [io-28852-exec-9] account.controllers.UserController       : Boy????? + User{id=0, name='John', lastname='Doe', email='JohnDoe@acme.com', password='PasswordForSeptember', roles=null}
?[0m?[0;34m2023-02-26 03:49:10.645  INFO 25504 --- [io-28852-exec-9] account.services.UserServiceImpl         : Boy?:PasswordForSeptember
?[0m?[0;34m2023-02-26 03:49:10.645  INFO 25504 --- [io-28852-exec-9] account.services.UserServiceImpl         : Não veio aqui?
?[0;34m2023-02-26 03:49:10.653  INFO 25504 --- [o-28852-exec-10] account.controllers.UserController       : Boy????? + User{id=0, name='John', lastname='Doe', email='JohnDoe@acme.com', password='PasswordForOctober', roles=null}
?[0m?[0;34m2023-02-26 03:49:10.654  INFO 25504 --- [o-28852-exec-10] account.services.UserServiceImpl         : Boy?:PasswordForOctober
?[0m?[0;34m2023-02-26 03:49:10.654  INFO 25504 --- [o-28852-exec-10] account.services.UserServiceImpl         : Não veio aqui?
?[0m?[0;34m2023-02-26 03:49:10.662  INFO 25504 --- [io-28852-exec-1] account.controllers.UserController       : Boy????? + User{id=0, name='John', lastname='Doe', email='JohnDoe@acme.com', password='PasswordForNovember', roles=null}
?[0m?[0;34m2023-02-26 03:49:10.662  INFO 25504 --- [io-28852-exec-1] account.services.UserServiceImpl         : Boy?:PasswordForNovember
?[0m?[0;34m2023-02-26 03:49:10.662  INFO 25504 --- [io-28852-exec-1] account.services.UserServiceImpl         : Não veio aqui?
?[0m?[0;34m2023-02-26 03:49:10.670  INFO 25504 --- [io-28852-exec-2] account.controllers.UserController       : Boy????? + User{id=0, name='John', lastname='Doe', email='JohnDoe@acme.com', password='PasswordForDecember', roles=null}
?[0m?[0;34m2023-02-26 03:49:10.670  INFO 25504 --- [io-28852-exec-2] account.services.UserServiceImpl         : Boy?:PasswordForDecember
?[0m?[0;34m2023-02-26 03:49:10.670  INFO 25504 --- [io-28852-exec-2] account.services.UserServiceImpl         : Não veio aqui?
?[1;31m
Start test 12?[0m
?[0m?[0;34m2023-02-26 03:49:10.679  INFO 25504 --- [io-28852-exec-3] account.controllers.UserController       : Boy????? + User{id=0, name='John', lastname='Doe', email='JohnDoe@acme.com', password='oMoa3VvqnLxW', roles=null}
?[0m?[0;34m2023-02-26 03:49:10.679  INFO 25504 --- [io-28852-exec-3] account.services.UserServiceImpl         : Boy?:oMoa3VvqnLxW
?[0m?[0;34m2023-02-26 03:49:10.786 TRACE 25504 --- [io-28852-exec-3] o.h.type.descriptor.sql.BasicBinder      : binding parameter [1] as [VARCHAR] - [johndoe@acme.com]
?[0m?[0;34m2023-02-26 03:49:11.317 TRACE 25504 --- [io-28852-exec-3] o.h.type.descriptor.sql.BasicBinder      : binding parameter [1] as [VARCHAR] - [johndoe@acme.com]
?[0m?[0;34m2023-02-26 03:49:11.318 TRACE 25504 --- [io-28852-exec-3] o.h.type.descriptor.sql.BasicBinder      : binding parameter [2] as [VARCHAR] - [Doe]
?[0m?[0;34m2023-02-26 03:49:11.318 TRACE 25504 --- [io-28852-exec-3] o.h.type.descriptor.sql.BasicBinder      : binding parameter [3] as [VARCHAR] - [John]
?[0m?[0;34m2023-02-26 03:49:11.318 TRACE 25504 --- [io-28852-exec-3] o.h.type.descriptor.sql.BasicBinder      : binding parameter [4] as [VARCHAR] - [$2a$13$hANT4cpRp1aSw/iXXs7Hn.dvR6TquioIEi1GgfAOfO8WuzuG5079W]
?[0m?[0;34m2023-02-26 03:49:11.347  INFO 25504 --- [io-28852-exec-4] account.controllers.UserController       : Boy????? + User{id=0, name='John', lastname='Doe', email='JohnDoe@acme.com', password='oMoa3VvqnLxW', roles=null}
?[0m?[0;34m2023-02-26 03:49:11.347  INFO 25504 --- [io-28852-exec-4] account.services.UserServiceImpl         : Boy?:oMoa3VvqnLxW
?[0m?[0;34m2023-02-26 03:49:11.348 TRACE 25504 --- [io-28852-exec-4] o.h.type.descriptor.sql.BasicBinder      : binding parameter [1] as [VARCHAR] - [johndoe@acme.com]
?[0m?[0;34m2023-02-26 03:49:11.362 TRACE 25504 --- [io-28852-exec-4] o.h.type.descriptor.sql.BasicBinder      : binding parameter [1] as [BIGINT] - [1]
?[1;31m
Start test 13?[0m
?[0m?[0;34m2023-02-26 03:49:11.378  INFO 25504 --- [io-28852-exec-5] account.controllers.UserController       : Boy????? + User{id=0, name='John', lastname='Doe', email='JohnDoe@acme.com', password='oMoa3VvqnLxW', roles=null}
?[0m?[0;34m2023-02-26 03:49:11.378  INFO 25504 --- [io-28852-exec-5] account.services.UserServiceImpl         : Boy?:oMoa3VvqnLxW
?[0m?[0;34m2023-02-26 03:49:11.378 TRACE 25504 --- [io-28852-exec-5] o.h.type.descriptor.sql.BasicBinder      : binding parameter [1] as [VARCHAR] - [johndoe@acme.com]
?[0m?[0;34m2023-02-26 03:49:11.379 TRACE 25504 --- [io-28852-exec-5] o.h.type.descriptor.sql.BasicBinder      : binding parameter [1] as [BIGINT] - [1]
?[1;31m
Start test 14?[0m
?[0m?[0;34m2023-02-26 03:49:11.387  INFO 25504 --- [io-28852-exec-6] account.controllers.UserController       : Boy????? + User{id=0, name='John', lastname='Doe', email='JohnDoe@acme.com', password='oMoa3VvqnLxW', roles=null}
?[0m?[0;34m2023-02-26 03:49:11.388  INFO 25504 --- [io-28852-exec-6] account.services.UserServiceImpl         : Boy?:oMoa3VvqnLxW
?[0m?[0;34m2023-02-26 03:49:11.388 TRACE 25504 --- [io-28852-exec-6] o.h.type.descriptor.sql.BasicBinder      : binding parameter [1] as [VARCHAR] - [johndoe@acme.com]
?[0m?[0;34m2023-02-26 03:49:11.389 TRACE 25504 --- [io-28852-exec-6] o.h.type.descriptor.sql.BasicBinder      : binding parameter [1] as [BIGINT] - [1]
?[1;31m
Start test 15?[0m
?[0m?[0;34m2023-02-26 03:49:11.397  INFO 25504 --- [io-28852-exec-7] account.controllers.UserController       : Boy????? + User{id=0, name='John', lastname='Doe', email='johndoe@acme.com', password='oMoa3VvqnLxW', roles=null}
?[0m?[0;34m2023-02-26 03:49:11.397  INFO 25504 --- [io-28852-exec-7] account.services.UserServiceImpl         : Boy?:oMoa3VvqnLxW
?[0m?[0;34m2023-02-26 03:49:11.397 TRACE 25504 --- [io-28852-exec-7] o.h.type.descriptor.sql.BasicBinder      : binding parameter [1] as [VARCHAR] - [johndoe@acme.com]
?[0m?[0;34m2023-02-26 03:49:11.398 TRACE 25504 --- [io-28852-exec-7] o.h.type.descriptor.sql.BasicBinder      : binding parameter [1] as [BIGINT] - [1]
?[1;31m
Start test 16?[0m
?[0m?[0;34m2023-02-26 03:49:11.407  INFO 25504 --- [io-28852-exec-8] account.controllers.UserController       : Boy????? + User{id=0, name='Max', lastname='Mustermann', email='maxmustermann@acme.com', password='ai0y9bMvyF6G', roles=null}
?[0m?[0;34m2023-02-26 03:49:11.407  INFO 25504 --- [io-28852-exec-8] account.services.UserServiceImpl         : Boy?:ai0y9bMvyF6G
?[0m?[0;34m2023-02-26 03:49:11.408 TRACE 25504 --- [io-28852-exec-8] o.h.type.descriptor.sql.BasicBinder      : binding parameter [1] as [VARCHAR] - [maxmustermann@acme.com]
?[0m?[0;34m2023-02-26 03:49:11.886 TRACE 25504 --- [io-28852-exec-8] o.h.type.descriptor.sql.BasicBinder      : binding parameter [1] as [VARCHAR] - [maxmustermann@acme.com]
?[0m?[0;34m2023-02-26 03:49:11.887 TRACE 25504 --- [io-28852-exec-8] o.h.type.descriptor.sql.BasicBinder      : binding parameter [2] as [VARCHAR] - [Mustermann]
?[0m?[0;34m2023-02-26 03:49:11.887 TRACE 25504 --- [io-28852-exec-8] o.h.type.descriptor.sql.BasicBinder      : binding parameter [3] as [VARCHAR] - [Max]
?[0m?[0;34m2023-02-26 03:49:11.887 TRACE 25504 --- [io-28852-exec-8] o.h.type.descriptor.sql.BasicBinder      : binding parameter [4] as [VARCHAR] - [$2a$13$aKeCmT88.CDYTSr.D/RT0OagCYfSZQu7YqXbw0c7B48.H61/Y9Zr.]
?[0m?[0;34m2023-02-26 03:49:11.894  INFO 25504 --- [io-28852-exec-9] account.controllers.UserController       : Boy????? + User{id=0, name='Max', lastname='Mustermann', email='maxmustermann@acme.com', password='ai0y9bMvyF6G', roles=null}
?[0m?[0;34m2023-02-26 03:49:11.894  INFO 25504 --- [io-28852-exec-9] account.services.UserServiceImpl         : Boy?:ai0y9bMvyF6G
?[0m?[0;34m2023-02-26 03:49:11.895 TRACE 25504 --- [io-28852-exec-9] o.h.type.descriptor.sql.BasicBinder      : binding parameter [1] as [VARCHAR] - [maxmustermann@acme.com]
?[0m?[0;34m2023-02-26 03:49:11.895 TRACE 25504 --- [io-28852-exec-9] o.h.type.descriptor.sql.BasicBinder      : binding parameter [1] as [BIGINT] - [2]
?[1;31m
Start test 17?[0m
?[0m?[0;34m2023-02-26 03:49:11.903  INFO 25504 --- [o-28852-exec-10] account.controllers.UserController       : Boy????? + User{id=0, name='Max', lastname='Mustermann', email='maxmustermann@acme.com', password='ai0y9bMvyF6G', roles=null}
?[0m?[0;34m2023-02-26 03:49:11.903  INFO 25504 --- [o-28852-exec-10] account.services.UserServiceImpl         : Boy?:ai0y9bMvyF6G
?[0m?[0;34m2023-02-26 03:49:11.903 TRACE 25504 --- [o-28852-exec-10] o.h.type.descriptor.sql.BasicBinder      : binding parameter [1] as [VARCHAR] - [maxmustermann@acme.com]
?[0m?[0;34m2023-02-26 03:49:11.904 TRACE 25504 --- [o-28852-exec-10] o.h.type.descriptor.sql.BasicBinder      : binding parameter [1] as [BIGINT] - [2]
?[1;31m
Start test 18?[0m
?[0m?[0;34m2023-02-26 03:49:11.912  INFO 25504 --- [io-28852-exec-1] account.controllers.UserController       : Boy????? + User{id=0, name='Max', lastname='Mustermann', email='MaxMustermann@acme.com', password='ai0y9bMvyF6G', roles=null}
?[0m?[0;34m2023-02-26 03:49:11.912  INFO 25504 --- [io-28852-exec-1] account.services.UserServiceImpl         : Boy?:ai0y9bMvyF6G
?[0m?[0;34m2023-02-26 03:49:11.913 TRACE 25504 --- [io-28852-exec-1] o.h.type.descriptor.sql.BasicBinder      : binding parameter [1] as [VARCHAR] - [maxmustermann@acme.com]
?[0m?[0;34m2023-02-26 03:49:11.913 TRACE 25504 --- [io-28852-exec-1] o.h.type.descriptor.sql.BasicBinder      : binding parameter [1] as [BIGINT] - [2]
?[1;31m
Start test 19?[0m
?[0m?[0;34m2023-02-26 03:49:12.395  INFO 25504 --- [io-28852-exec-2] account.services.UserDetailsServiceImpl  : loadUserByUsername: johndoe@acme.com
?[0m?[0;34m2023-02-26 03:49:12.406 TRACE 25504 --- [io-28852-exec-2] o.h.type.descriptor.sql.BasicBinder      : binding parameter [1] as [VARCHAR] - [johndoe@acme.com]
?[0m?[0;34m2023-02-26 03:49:12.407 TRACE 25504 --- [io-28852-exec-2] o.h.type.descriptor.sql.BasicBinder      : binding parameter [1] as [BIGINT] - [1]
?[0m?[0;34m2023-02-26 03:49:12.891 TRACE 25504 --- [io-28852-exec-2] o.h.type.descriptor.sql.BasicBinder      : binding parameter [1] as [VARCHAR] - [johndoe@acme.com]
?[0m?[0;34m2023-02-26 03:49:12.892 TRACE 25504 --- [io-28852-exec-2] o.h.type.descriptor.sql.BasicBinder      : binding parameter [1] as [BIGINT] - [1]
?[1;31m
Start test 20?[0m
?[0m?[0;34m2023-02-26 03:49:12.898  INFO 25504 --- [io-28852-exec-3] account.services.UserDetailsServiceImpl  : loadUserByUsername: johndoe@acme.com
?[0m?[0;34m2023-02-26 03:49:12.899 TRACE 25504 --- [io-28852-exec-3] o.h.type.descriptor.sql.BasicBinder      : binding parameter [1] as [VARCHAR] - [johndoe@acme.com]
?[0m?[0;34m2023-02-26 03:49:12.899 TRACE 25504 --- [io-28852-exec-3] o.h.type.descriptor.sql.BasicBinder      : binding parameter [1] as [BIGINT] - [1]
?[0m?[0;34m2023-02-26 03:49:13.376 TRACE 25504 --- [io-28852-exec-3] o.h.type.descriptor.sql.BasicBinder      : binding parameter [1] as [VARCHAR] - [johndoe@acme.com]
?[0m?[0;34m2023-02-26 03:49:13.377 TRACE 25504 --- [io-28852-exec-3] o.h.type.descriptor.sql.BasicBinder      : binding parameter [1] as [BIGINT] - [1]
?[1;31m
Start test 21?[0m
?[0m?[0;34m2023-02-26 03:49:13.382  INFO 25504 --- [io-28852-exec-4] account.services.UserDetailsServiceImpl  : loadUserByUsername: maxmustermann@acme.com
?[0m?[0;34m2023-02-26 03:49:13.383 TRACE 25504 --- [io-28852-exec-4] o.h.type.descriptor.sql.BasicBinder      : binding parameter [1] as [VARCHAR] - [maxmustermann@acme.com]
?[0m?[0;34m2023-02-26 03:49:13.384 TRACE 25504 --- [io-28852-exec-4] o.h.type.descriptor.sql.BasicBinder      : binding parameter [1] as [BIGINT] - [2]
?[0m?[0;34m2023-02-26 03:49:13.869 TRACE 25504 --- [io-28852-exec-4] o.h.type.descriptor.sql.BasicBinder      : binding parameter [1] as [VARCHAR] - [maxmustermann@acme.com]
?[0m?[0;34m2023-02-26 03:49:13.870 TRACE 25504 --- [io-28852-exec-4] o.h.type.descriptor.sql.BasicBinder      : binding parameter [1] as [BIGINT] - [2]
?[1;31m
Start test 22?[0m
?[0m?[0;34m2023-02-26 03:49:13.875  INFO 25504 --- [io-28852-exec-9] account.services.UserDetailsServiceImpl  : loadUserByUsername: maxmustermann@acme.com
?[0m?[0;34m2023-02-26 03:49:13.876 TRACE 25504 --- [io-28852-exec-9] o.h.type.descriptor.sql.BasicBinder      : binding parameter [1] as [VARCHAR] - [maxmustermann@acme.com]
?[0m?[0;34m2023-02-26 03:49:13.877 TRACE 25504 --- [io-28852-exec-9] o.h.type.descriptor.sql.BasicBinder      : binding parameter [1] as [BIGINT] - [2]
?[0m?[0;34m2023-02-26 03:49:14.352 TRACE 25504 --- [io-28852-exec-9] o.h.type.descriptor.sql.BasicBinder      : binding parameter [1] as [VARCHAR] - [maxmustermann@acme.com]
?[0m?[0;34m2023-02-26 03:49:14.353 TRACE 25504 --- [io-28852-exec-9] o.h.type.descriptor.sql.BasicBinder      : binding parameter [1] as [BIGINT] - [2]
?[1;31m
Start test 23?[0m
?[0m?[0;34m2023-02-26 03:49:14.359  INFO 25504 --- [o-28852-exec-10] account.services.UserDetailsServiceImpl  : loadUserByUsername: johndoe@acme.com
?[0m?[0;34m2023-02-26 03:49:14.360 TRACE 25504 --- [o-28852-exec-10] o.h.type.descriptor.sql.BasicBinder      : binding parameter [1] as [VARCHAR] - [johndoe@acme.com]
?[0m?[0;34m2023-02-26 03:49:14.361 TRACE 25504 --- [o-28852-exec-10] o.h.type.descriptor.sql.BasicBinder      : binding parameter [1] as [BIGINT] - [1]
?[1;31m
Start test 24?[0m
?[0m?[0;34m2023-02-26 03:49:14.852  INFO 25504 --- [io-28852-exec-1] account.services.UserDetailsServiceImpl  : loadUserByUsername: johndoeacme.com
?[0m?[0;34m2023-02-26 03:49:14.853 TRACE 25504 --- [io-28852-exec-1] o.h.type.descriptor.sql.BasicBinder      : binding parameter [1] as [VARCHAR] - [johndoeacme.com]
?[1;31m
Start test 25?[0m
?[0m?[0;34m2023-02-26 03:49:15.338  INFO 25504 --- [io-28852-exec-2] account.services.UserDetailsServiceImpl  : loadUserByUsername: maxmustermann@acme.com
?[0m?[0;34m2023-02-26 03:49:15.338 TRACE 25504 --- [io-28852-exec-2] o.h.type.descriptor.sql.BasicBinder      : binding parameter [1] as [VARCHAR] - [maxmustermann@acme.com]
?[0m?[0;34m2023-02-26 03:49:15.339 TRACE 25504 --- [io-28852-exec-2] o.h.type.descriptor.sql.BasicBinder      : binding parameter [1] as [BIGINT] - [2]
?[1;31m
Start test 26?[0m
?[0m?[0;34m2023-02-26 03:49:15.819  INFO 25504 --- [io-28852-exec-3] account.services.UserDetailsServiceImpl  : loadUserByUsername: nautilus@pompilius.com
?[0m?[0;34m2023-02-26 03:49:15.819 TRACE 25504 --- [io-28852-exec-3] o.h.type.descriptor.sql.BasicBinder      : binding parameter [1] as [VARCHAR] - [nautilus@pompilius.com]
?[1;31m
Start test 27?[0m
?[1;31m
Start test 28?[0m
?[1;31m
Start test 29?[0m
?[0m?[0;34m2023-02-26 03:49:16.310  INFO 25504 --- [io-28852-exec-7] account.services.UserDetailsServiceImpl  : loadUserByUsername: johndoe@acme.com
?[0m?[0;34m2023-02-26 03:49:16.311 TRACE 25504 --- [io-28852-exec-7] o.h.type.descriptor.sql.BasicBinder      : binding parameter [1] as [VARCHAR] - [johndoe@acme.com]
?[0m?[0;34m2023-02-26 03:49:16.311 TRACE 25504 --- [io-28852-exec-7] o.h.type.descriptor.sql.BasicBinder      : binding parameter [1] as [BIGINT] - [1]
?[1;31m
Start test 30?[0m
?[0m?[0;34m2023-02-26 03:49:16.800  INFO 25504 --- [io-28852-exec-6] account.services.UserDetailsServiceImpl  : loadUserByUsername: johndoe@acme.com
?[0m?[0;34m2023-02-26 03:49:16.801 TRACE 25504 --- [io-28852-exec-6] o.h.type.descriptor.sql.BasicBinder      : binding parameter [1] as [VARCHAR] - [johndoe@acme.com]
?[0m?[0;34m2023-02-26 03:49:16.801 TRACE 25504 --- [io-28852-exec-6] o.h.type.descriptor.sql.BasicBinder      : binding parameter [1] as [BIGINT] - [1]
?[1;31m
Start test 31?[0m
?[0m?[0;34m2023-02-26 03:49:17.756  INFO 25504 --- [io-28852-exec-5] account.services.UserDetailsServiceImpl  : loadUserByUsername: JohnDoe@acme.com
?[0m?[0;34m2023-02-26 03:49:17.757 TRACE 25504 --- [io-28852-exec-5] o.h.type.descriptor.sql.BasicBinder      : binding parameter [1] as [VARCHAR] - [johndoe@acme.com]
?[0m?[0;34m2023-02-26 03:49:17.757 TRACE 25504 --- [io-28852-exec-5] o.h.type.descriptor.sql.BasicBinder      : binding parameter [1] as [BIGINT] - [1]
?[1;31m
Start test 32?[0m
?[0m?[0;34m2023-02-26 03:49:18.238  INFO 25504 --- [io-28852-exec-4] account.services.UserDetailsServiceImpl  : loadUserByUsername: JohnDoe@acme.com
?[0m?[0;34m2023-02-26 03:49:18.238 TRACE 25504 --- [io-28852-exec-4] o.h.type.descriptor.sql.BasicBinder      : binding parameter [1] as [VARCHAR] - [johndoe@acme.com]
?[0m?[0;34m2023-02-26 03:49:18.239 TRACE 25504 --- [io-28852-exec-4] o.h.type.descriptor.sql.BasicBinder      : binding parameter [1] as [BIGINT] - [1]
?[1;31m
Start test 33?[0m
?[0m?[0;34m2023-02-26 03:49:18.721  INFO 25504 --- [o-28852-exec-10] account.services.UserDetailsServiceImpl  : loadUserByUsername: JohnDoe@acme.com
?[0m?[0;34m2023-02-26 03:49:18.722 TRACE 25504 --- [o-28852-exec-10] o.h.type.descriptor.sql.BasicBinder      : binding parameter [1] as [VARCHAR] - [johndoe@acme.com]
?[0m?[0;34m2023-02-26 03:49:18.722 TRACE 25504 --- [o-28852-exec-10] o.h.type.descriptor.sql.BasicBinder      : binding parameter [1] as [BIGINT] - [1]
?[1;31m
Start test 34?[0m
?[0m?[0;34m2023-02-26 03:49:19.213  INFO 25504 --- [io-28852-exec-9] account.services.UserDetailsServiceImpl  : loadUserByUsername: JohnDoe@acme.com
?[0m?[0;34m2023-02-26 03:49:19.214 TRACE 25504 --- [io-28852-exec-9] o.h.type.descriptor.sql.BasicBinder      : binding parameter [1] as [VARCHAR] - [johndoe@acme.com]
?[0m?[0;34m2023-02-26 03:49:19.214 TRACE 25504 --- [io-28852-exec-9] o.h.type.descriptor.sql.BasicBinder      : binding parameter [1] as [BIGINT] - [1]
?[1;31m
Start test 35?[0m
?[0m?[0;34m2023-02-26 03:49:19.704  INFO 25504 --- [io-28852-exec-1] account.services.UserDetailsServiceImpl  : loadUserByUsername: JohnDoe@acme.com
?[0m?[0;34m2023-02-26 03:49:19.705 TRACE 25504 --- [io-28852-exec-1] o.h.type.descriptor.sql.BasicBinder      : binding parameter [1] as [VARCHAR] - [johndoe@acme.com]
?[0m?[0;34m2023-02-26 03:49:19.705 TRACE 25504 --- [io-28852-exec-1] o.h.type.descriptor.sql.BasicBinder      : binding parameter [1] as [BIGINT] - [1]
?[1;31m
Start test 36?[0m
?[0m?[0;34m2023-02-26 03:49:20.193  INFO 25504 --- [io-28852-exec-2] account.services.UserDetailsServiceImpl  : loadUserByUsername: JohnDoe@acme.com
?[0m?[0;34m2023-02-26 03:49:20.194 TRACE 25504 --- [io-28852-exec-2] o.h.type.descriptor.sql.BasicBinder      : binding parameter [1] as [VARCHAR] - [johndoe@acme.com]
?[0m?[0;34m2023-02-26 03:49:20.194 TRACE 25504 --- [io-28852-exec-2] o.h.type.descriptor.sql.BasicBinder      : binding parameter [1] as [BIGINT] - [1]
?[1;31m
Start test 37?[0m
?[0m?[0;34m2023-02-26 03:49:20.676  INFO 25504 --- [io-28852-exec-3] account.services.UserDetailsServiceImpl  : loadUserByUsername: JohnDoe@acme.com
?[0m?[0;34m2023-02-26 03:49:20.677 TRACE 25504 --- [io-28852-exec-3] o.h.type.descriptor.sql.BasicBinder      : binding parameter [1] as [VARCHAR] - [johndoe@acme.com]
?[0m?[0;34m2023-02-26 03:49:20.677 TRACE 25504 --- [io-28852-exec-3] o.h.type.descriptor.sql.BasicBinder      : binding parameter [1] as [BIGINT] - [1]
?[1;31m
Start test 38?[0m
?[0m?[0;34m2023-02-26 03:49:21.160  INFO 25504 --- [io-28852-exec-8] account.services.UserDetailsServiceImpl  : loadUserByUsername: JohnDoe@acme.com
?[0m?[0;34m2023-02-26 03:49:21.160 TRACE 25504 --- [io-28852-exec-8] o.h.type.descriptor.sql.BasicBinder      : binding parameter [1] as [VARCHAR] - [johndoe@acme.com]
?[0m?[0;34m2023-02-26 03:49:21.161 TRACE 25504 --- [io-28852-exec-8] o.h.type.descriptor.sql.BasicBinder      : binding parameter [1] as [BIGINT] - [1]
?[1;31m
Start test 39?[0m
?[0m?[0;34m2023-02-26 03:49:21.645  INFO 25504 --- [io-28852-exec-7] account.services.UserDetailsServiceImpl  : loadUserByUsername: JohnDoe@acme.com
?[0m?[0;34m2023-02-26 03:49:21.645 TRACE 25504 --- [io-28852-exec-7] o.h.type.descriptor.sql.BasicBinder      : binding parameter [1] as [VARCHAR] - [johndoe@acme.com]
?[0m?[0;34m2023-02-26 03:49:21.646 TRACE 25504 --- [io-28852-exec-7] o.h.type.descriptor.sql.BasicBinder      : binding parameter [1] as [BIGINT] - [1]
?[1;31m
Start test 40?[0m
?[0m?[0;34m2023-02-26 03:49:22.134  INFO 25504 --- [io-28852-exec-6] account.services.UserDetailsServiceImpl  : loadUserByUsername: JohnDoe@acme.com
?[0m?[0;34m2023-02-26 03:49:22.135 TRACE 25504 --- [io-28852-exec-6] o.h.type.descriptor.sql.BasicBinder      : binding parameter [1] as [VARCHAR] - [johndoe@acme.com]
?[0m?[0;34m2023-02-26 03:49:22.135 TRACE 25504 --- [io-28852-exec-6] o.h.type.descriptor.sql.BasicBinder      : binding parameter [1] as [BIGINT] - [1]
?[1;31m
Start test 41?[0m
?[0m?[0;34m2023-02-26 03:49:22.621  INFO 25504 --- [io-28852-exec-5] account.services.UserDetailsServiceImpl  : loadUserByUsername: JohnDoe@acme.com
?[0m?[0;34m2023-02-26 03:49:22.622 TRACE 25504 --- [io-28852-exec-5] o.h.type.descriptor.sql.BasicBinder      : binding parameter [1] as [VARCHAR] - [johndoe@acme.com]
?[0m?[0;34m2023-02-26 03:49:22.623 TRACE 25504 --- [io-28852-exec-5] o.h.type.descriptor.sql.BasicBinder      : binding parameter [1] as [BIGINT] - [1]
?[1;31m
Start test 42?[0m
?[0m?[0;34m2023-02-26 03:49:23.107  INFO 25504 --- [io-28852-exec-4] account.services.UserDetailsServiceImpl  : loadUserByUsername: JohnDoe@acme.com
?[0m?[0;34m2023-02-26 03:49:23.108 TRACE 25504 --- [io-28852-exec-4] o.h.type.descriptor.sql.BasicBinder      : binding parameter [1] as [VARCHAR] - [johndoe@acme.com]
?[0m?[0;34m2023-02-26 03:49:23.108 TRACE 25504 --- [io-28852-exec-4] o.h.type.descriptor.sql.BasicBinder      : binding parameter [1] as [BIGINT] - [1]
?[1;31m
Start test 43?[0m
?[0m?[0;34m2023-02-26 03:49:24.072  INFO 25504 --- [o-28852-exec-10] account.services.UserDetailsServiceImpl  : loadUserByUsername: JohnDoe@acme.com
?[0m?[0;34m2023-02-26 03:49:24.073 TRACE 25504 --- [o-28852-exec-10] o.h.type.descriptor.sql.BasicBinder      : binding parameter [1] as [VARCHAR] - [johndoe@acme.com]
?[0m?[0;34m2023-02-26 03:49:24.074 TRACE 25504 --- [o-28852-exec-10] o.h.type.descriptor.sql.BasicBinder      : binding parameter [1] as [BIGINT] - [1]
?[0m?[0;34m2023-02-26 03:49:25.039 TRACE 25504 --- [o-28852-exec-10] o.h.type.descriptor.sql.BasicBinder      : binding parameter [1] as [VARCHAR] - [johndoe@acme.com]
?[0m?[0;34m2023-02-26 03:49:25.039 TRACE 25504 --- [o-28852-exec-10] o.h.type.descriptor.sql.BasicBinder      : binding parameter [1] as [BIGINT] - [1]
?[0m?[0;34m2023-02-26 03:49:25.046  INFO 25504 --- [io-28852-exec-9] account.services.UserDetailsServiceImpl  : loadUserByUsername: JohnDoe@acme.com
?[0m?[0;34m2023-02-26 03:49:25.046 TRACE 25504 --- [io-28852-exec-9] o.h.type.descriptor.sql.BasicBinder      : binding parameter [1] as [VARCHAR] - [johndoe@acme.com]
?[0m?[0;34m2023-02-26 03:49:25.047 TRACE 25504 --- [io-28852-exec-9] o.h.type.descriptor.sql.BasicBinder      : binding parameter [1] as [BIGINT] - [1]
?[0m?[0;34m2023-02-26 03:49:25.995 TRACE 25504 --- [io-28852-exec-9] o.h.type.descriptor.sql.BasicBinder      : binding parameter [1] as [VARCHAR] - [johndoe@acme.com]
?[0m?[0;34m2023-02-26 03:49:25.996 TRACE 25504 --- [io-28852-exec-9] o.h.type.descriptor.sql.BasicBinder      : binding parameter [1] as [BIGINT] - [1]
?[0m?[0;34m2023-02-26 03:49:26.002  INFO 25504 --- [io-28852-exec-1] account.services.UserDetailsServiceImpl  : loadUserByUsername: JohnDoe@acme.com
?[0m?[0;34m2023-02-26 03:49:26.002 TRACE 25504 --- [io-28852-exec-1] o.h.type.descriptor.sql.BasicBinder      : binding parameter [1] as [VARCHAR] - [johndoe@acme.com]
?[0m?[0;34m2023-02-26 03:49:26.003 TRACE 25504 --- [io-28852-exec-1] o.h.type.descriptor.sql.BasicBinder      : binding parameter [1] as [BIGINT] - [1]
?[0m?[0;34m2023-02-26 03:49:26.959 TRACE 25504 --- [io-28852-exec-1] o.h.type.descriptor.sql.BasicBinder      : binding parameter [1] as [VARCHAR] - [johndoe@acme.com]
?[0m?[0;34m2023-02-26 03:49:26.960 TRACE 25504 --- [io-28852-exec-1] o.h.type.descriptor.sql.BasicBinder      : binding parameter [1] as [BIGINT] - [1]
?[0m?[0;34m2023-02-26 03:49:26.965  INFO 25504 --- [io-28852-exec-2] account.services.UserDetailsServiceImpl  : loadUserByUsername: JohnDoe@acme.com
?[0m?[0;34m2023-02-26 03:49:26.965 TRACE 25504 --- [io-28852-exec-2] o.h.type.descriptor.sql.BasicBinder      : binding parameter [1] as [VARCHAR] - [johndoe@acme.com]
?[0m?[0;34m2023-02-26 03:49:26.966 TRACE 25504 --- [io-28852-exec-2] o.h.type.descriptor.sql.BasicBinder      : binding parameter [1] as [BIGINT] - [1]
?[0m?[0;34m2023-02-26 03:49:27.917 TRACE 25504 --- [io-28852-exec-2] o.h.type.descriptor.sql.BasicBinder      : binding parameter [1] as [VARCHAR] - [johndoe@acme.com]
?[0m?[0;34m2023-02-26 03:49:27.918 TRACE 25504 --- [io-28852-exec-2] o.h.type.descriptor.sql.BasicBinder      : binding parameter [1] as [BIGINT] - [1]
?[0m?[0;34m2023-02-26 03:49:27.924  INFO 25504 --- [io-28852-exec-3] account.services.UserDetailsServiceImpl  : loadUserByUsername: JohnDoe@acme.com
?[0m?[0;34m2023-02-26 03:49:27.924 TRACE 25504 --- [io-28852-exec-3] o.h.type.descriptor.sql.BasicBinder      : binding parameter [1] as [VARCHAR] - [johndoe@acme.com]
?[0m?[0;34m2023-02-26 03:49:27.925 TRACE 25504 --- [io-28852-exec-3] o.h.type.descriptor.sql.BasicBinder      : binding parameter [1] as [BIGINT] - [1]
?[0m?[0;34m2023-02-26 03:49:28.877 TRACE 25504 --- [io-28852-exec-3] o.h.type.descriptor.sql.BasicBinder      : binding parameter [1] as [VARCHAR] - [johndoe@acme.com]
?[0m?[0;34m2023-02-26 03:49:28.878 TRACE 25504 --- [io-28852-exec-3] o.h.type.descriptor.sql.BasicBinder      : binding parameter [1] as [BIGINT] - [1]
?[0m?[0;34m2023-02-26 03:49:28.884  INFO 25504 --- [io-28852-exec-8] account.services.UserDetailsServiceImpl  : loadUserByUsername: JohnDoe@acme.com
?[0m?[0;34m2023-02-26 03:49:28.885 TRACE 25504 --- [io-28852-exec-8] o.h.type.descriptor.sql.BasicBinder      : binding parameter [1] as [VARCHAR] - [johndoe@acme.com]
?[0m?[0;34m2023-02-26 03:49:28.885 TRACE 25504 --- [io-28852-exec-8] o.h.type.descriptor.sql.BasicBinder      : binding parameter [1] as [BIGINT] - [1]
?[0m?[0;34m2023-02-26 03:49:29.844 TRACE 25504 --- [io-28852-exec-8] o.h.type.descriptor.sql.BasicBinder      : binding parameter [1] as [VARCHAR] - [johndoe@acme.com]
?[0m?[0;34m2023-02-26 03:49:29.845 TRACE 25504 --- [io-28852-exec-8] o.h.type.descriptor.sql.BasicBinder      : binding parameter [1] as [BIGINT] - [1]
?[0m?[0;34m2023-02-26 03:49:29.852  INFO 25504 --- [io-28852-exec-7] account.services.UserDetailsServiceImpl  : loadUserByUsername: JohnDoe@acme.com
?[0m?[0;34m2023-02-26 03:49:29.853 TRACE 25504 --- [io-28852-exec-7] o.h.type.descriptor.sql.BasicBinder      : binding parameter [1] as [VARCHAR] - [johndoe@acme.com]
?[0m?[0;34m2023-02-26 03:49:29.853 TRACE 25504 --- [io-28852-exec-7] o.h.type.descriptor.sql.BasicBinder      : binding parameter [1] as [BIGINT] - [1]
?[0m?[0;34m2023-02-26 03:49:30.803 TRACE 25504 --- [io-28852-exec-7] o.h.type.descriptor.sql.BasicBinder      : binding parameter [1] as [VARCHAR] - [johndoe@acme.com]
?[0m?[0;34m2023-02-26 03:49:30.804 TRACE 25504 --- [io-28852-exec-7] o.h.type.descriptor.sql.BasicBinder      : binding parameter [1] as [BIGINT] - [1]
?[0m?[0;34m2023-02-26 03:49:30.809  INFO 25504 --- [io-28852-exec-6] account.services.UserDetailsServiceImpl  : loadUserByUsername: JohnDoe@acme.com
?[0m?[0;34m2023-02-26 03:49:30.809 TRACE 25504 --- [io-28852-exec-6] o.h.type.descriptor.sql.BasicBinder      : binding parameter [1] as [VARCHAR] - [johndoe@acme.com]
?[0m?[0;34m2023-02-26 03:49:30.810 TRACE 25504 --- [io-28852-exec-6] o.h.type.descriptor.sql.BasicBinder      : binding parameter [1] as [BIGINT] - [1]
?[0m?[0;34m2023-02-26 03:49:31.761 TRACE 25504 --- [io-28852-exec-6] o.h.type.descriptor.sql.BasicBinder      : binding parameter [1] as [VARCHAR] - [johndoe@acme.com]
?[0m?[0;34m2023-02-26 03:49:31.762 TRACE 25504 --- [io-28852-exec-6] o.h.type.descriptor.sql.BasicBinder      : binding parameter [1] as [BIGINT] - [1]
?[0m?[0;34m2023-02-26 03:49:31.767  INFO 25504 --- [io-28852-exec-5] account.services.UserDetailsServiceImpl  : loadUserByUsername: JohnDoe@acme.com
?[0m?[0;34m2023-02-26 03:49:31.767 TRACE 25504 --- [io-28852-exec-5] o.h.type.descriptor.sql.BasicBinder      : binding parameter [1] as [VARCHAR] - [johndoe@acme.com]
?[0m?[0;34m2023-02-26 03:49:31.768 TRACE 25504 --- [io-28852-exec-5] o.h.type.descriptor.sql.BasicBinder      : binding parameter [1] as [BIGINT] - [1]
?[0m?[0;34m2023-02-26 03:49:32.716 TRACE 25504 --- [io-28852-exec-5] o.h.type.descriptor.sql.BasicBinder      : binding parameter [1] as [VARCHAR] - [johndoe@acme.com]
?[0m?[0;34m2023-02-26 03:49:32.717 TRACE 25504 --- [io-28852-exec-5] o.h.type.descriptor.sql.BasicBinder      : binding parameter [1] as [BIGINT] - [1]
?[0m?[0;34m2023-02-26 03:49:32.722  INFO 25504 --- [io-28852-exec-4] account.services.UserDetailsServiceImpl  : loadUserByUsername: JohnDoe@acme.com
?[0m?[0;34m2023-02-26 03:49:32.722 TRACE 25504 --- [io-28852-exec-4] o.h.type.descriptor.sql.BasicBinder      : binding parameter [1] as [VARCHAR] - [johndoe@acme.com]
?[0m?[0;34m2023-02-26 03:49:32.723 TRACE 25504 --- [io-28852-exec-4] o.h.type.descriptor.sql.BasicBinder      : binding parameter [1] as [BIGINT] - [1]
?[0m?[0;34m2023-02-26 03:49:33.669 TRACE 25504 --- [io-28852-exec-4] o.h.type.descriptor.sql.BasicBinder      : binding parameter [1] as [VARCHAR] - [johndoe@acme.com]
?[0m?[0;34m2023-02-26 03:49:33.670 TRACE 25504 --- [io-28852-exec-4] o.h.type.descriptor.sql.BasicBinder      : binding parameter [1] as [BIGINT] - [1]
?[0m?[0;34m2023-02-26 03:49:33.677  INFO 25504 --- [o-28852-exec-10] account.services.UserDetailsServiceImpl  : loadUserByUsername: JohnDoe@acme.com
?[0m?[0;34m2023-02-26 03:49:33.677 TRACE 25504 --- [o-28852-exec-10] o.h.type.descriptor.sql.BasicBinder      : binding parameter [1] as [VARCHAR] - [johndoe@acme.com]
?[0m?[0;34m2023-02-26 03:49:33.678 TRACE 25504 --- [o-28852-exec-10] o.h.type.descriptor.sql.BasicBinder      : binding parameter [1] as [BIGINT] - [1]
?[0m?[0;34m2023-02-26 03:49:34.629 TRACE 25504 --- [o-28852-exec-10] o.h.type.descriptor.sql.BasicBinder      : binding parameter [1] as [VARCHAR] - [johndoe@acme.com]
?[0m?[0;34m2023-02-26 03:49:34.629 TRACE 25504 --- [o-28852-exec-10] o.h.type.descriptor.sql.BasicBinder      : binding parameter [1] as [BIGINT] - [1]
?[0m?[0;34m2023-02-26 03:49:34.636  INFO 25504 --- [io-28852-exec-9] account.services.UserDetailsServiceImpl  : loadUserByUsername: JohnDoe@acme.com
?[0m?[0;34m2023-02-26 03:49:34.636 TRACE 25504 --- [io-28852-exec-9] o.h.type.descriptor.sql.BasicBinder      : binding parameter [1] as [VARCHAR] - [johndoe@acme.com]
?[0m?[0;34m2023-02-26 03:49:34.637 TRACE 25504 --- [io-28852-exec-9] o.h.type.descriptor.sql.BasicBinder      : binding parameter [1] as [BIGINT] - [1]
?[0m?[0;34m2023-02-26 03:49:35.593 TRACE 25504 --- [io-28852-exec-9] o.h.type.descriptor.sql.BasicBinder      : binding parameter [1] as [VARCHAR] - [johndoe@acme.com]
?[0m?[0;34m2023-02-26 03:49:35.593 TRACE 25504 --- [io-28852-exec-9] o.h.type.descriptor.sql.BasicBinder      : binding parameter [1] as [BIGINT] - [1]
?[1;31m
Start test 44?[0m
?[0;34m2023-02-26 03:49:36.138  INFO 25504 --- [       Thread-5] j.LocalContainerEntityManagerFactoryBean : Closing JPA EntityManagerFactory for persistence unit 'default'
?[0m?[0;34m2023-02-26 03:49:36.140  INFO 25504 --- [       Thread-5] com.zaxxer.hikari.HikariDataSource       : HikariPool-1 - Shutdown initiated...
?[0m?[0;34m2023-02-26 03:49:36.464  INFO 25504 --- [       Thread-5] com.zaxxer.hikari.HikariDataSource       : HikariPool-1 - Shutdown completed.
?[0;34m
?[0m?[0;34m  .   ____          _            __ _ _
?[0m?[0;34m /\\ / ___'_ __ _ _(_)_ __  __ _ \ \ \ \
?[0m?[0;34m( ( )\___ | '_ | '_| | '_ \/ _` | \ \ \ \
?[0m?[0;34m \\/  ___)| |_)| | | | | || (_| |  ) ) ) )
?[0m?[0;34m  '  |____| .__|_| |_|_| |_\__, | / / / /
?[0m?[0;34m =========|_|==============|___/=/_/_/_/
?[0m?[0;34m :: Spring Boot ::                (v2.5.6)
?[0m?[0;34m
?[0m?[0;34m2023-02-26 03:49:46.587  INFO 25504 --- [    Test worker] account.AccountServiceApplication        : Starting AccountServiceApplication using Java 17.0.6 on DESKTOP-4FRVMN0 with PID 25504 (started by Victor in D:\java\backend-java\Account Service\Account Service\task)
?[0m?[0;34m2023-02-26 03:49:46.587  INFO 25504 --- [    Test worker] account.AccountServiceApplication        : No active profile set, falling back to default profiles: default
?[0m?[0;34m2023-02-26 03:49:46.800  INFO 25504 --- [    Test worker] .s.d.r.c.RepositoryConfigurationDelegate : Bootstrapping Spring Data JPA repositories in DEFAULT mode.
?[0m?[0;34m2023-02-26 03:49:46.810  INFO 25504 --- [    Test worker] .s.d.r.c.RepositoryConfigurationDelegate : Finished Spring Data repository scanning in 9 ms. Found 2 JPA repository interfaces.
?[0m?[0;34m2023-02-26 03:49:46.920  INFO 25504 --- [    Test worker] o.s.b.w.embedded.tomcat.TomcatWebServer  : Tomcat initialized with port(s): 28852 (http)
?[0m?[0;34m2023-02-26 03:49:46.920  INFO 25504 --- [    Test worker] o.apache.catalina.core.StandardService   : Starting service [Tomcat]
?[0m?[0;34m2023-02-26 03:49:46.920  INFO 25504 --- [    Test worker] org.apache.catalina.core.StandardEngine  : Starting Servlet engine: [Apache Tomcat/9.0.54]
?[0m?[0;34m2023-02-26 03:49:46.948  INFO 25504 --- [    Test worker] o.a.c.c.C.[Tomcat].[localhost].[/]       : Initializing Spring embedded WebApplicationContext
?[0m?[0;34m2023-02-26 03:49:46.949  INFO 25504 --- [    Test worker] w.s.c.ServletWebServerApplicationContext : Root WebApplicationContext: initialization completed in 360 ms
?[0m?[0;34m2023-02-26 03:49:47.051  INFO 25504 --- [    Test worker] com.zaxxer.hikari.HikariDataSource       : HikariPool-2 - Starting...
?[0m?[0;34m2023-02-26 03:49:47.069  INFO 25504 --- [    Test worker] com.zaxxer.hikari.HikariDataSource       : HikariPool-2 - Start completed.
?[0m?[0;34m2023-02-26 03:49:47.069  INFO 25504 --- [    Test worker] o.s.b.a.h2.H2ConsoleAutoConfiguration    : H2 console available at '/h2-console'. Database available at 'jdbc:h2:file:../service_db'
?[0m?[0;34m2023-02-26 03:49:47.215  INFO 25504 --- [    Test worker] o.hibernate.jpa.internal.util.LogHelper  : HHH000204: Processing PersistenceUnitInfo [name: default]
?[0m?[0;34m2023-02-26 03:49:47.221  INFO 25504 --- [    Test worker] org.hibernate.dialect.Dialect            : HHH000400: Using dialect: org.hibernate.dialect.H2Dialect
?[0m?[0;34m2023-02-26 03:49:47.312  INFO 25504 --- [    Test worker] o.h.e.t.j.p.i.JtaPlatformInitiator       : HHH000490: Using JtaPlatform implementation: [org.hibernate.engine.transaction.jta.platform.internal.NoJtaPlatform]
?[0m?[0;34m2023-02-26 03:49:47.312  INFO 25504 --- [    Test worker] j.LocalContainerEntityManagerFactoryBean : Initialized JPA EntityManagerFactory for persistence unit 'default'
?[0m?[0;34m2023-02-26 03:49:47.351  WARN 25504 --- [    Test worker] JpaBaseConfiguration$JpaWebConfiguration : spring.jpa.open-in-view is enabled by default. Therefore, database queries may be performed during view rendering. Explicitly configure spring.jpa.open-in-view to disable this warning
?[0m?[0;34m2023-02-26 03:49:47.955  INFO 25504 --- [    Test worker] o.s.b.a.e.web.EndpointLinksResolver      : Exposing 14 endpoint(s) beneath base path '/actuator'
?[0m?[0;34m2023-02-26 03:49:48.015  INFO 25504 --- [    Test worker] o.s.s.web.DefaultSecurityFilterChain     : Will secure any request with [org.springframework.security.web.context.request.async.WebAsyncManagerIntegrationFilter@808fa1, org.springframework.security.web.context.SecurityContextPersistenceFilter@75f3c0c9, org.springframework.security.web.header.HeaderWriterFilter@33c976b1, org.springframework.security.web.authentication.logout.LogoutFilter@3938e876, org.springframework.security.web.authentication.www.BasicAuthenticationFilter@70b2819f, org.springframework.security.web.savedrequest.RequestCacheAwareFilter@28ec35e3, org.springframework.security.web.servletapi.SecurityContextHolderAwareRequestFilter@5068a2b1, org.springframework.security.web.authentication.AnonymousAuthenticationFilter@5b52ce28, org.springframework.security.web.session.SessionManagementFilter@2c95cb24, org.springframework.security.web.access.ExceptionTranslationFilter@274f51ad, org.springframework.security.web.access.intercept.FilterSecurityInterceptor@17a5cb99]
?[0m?[0;34m2023-02-26 03:49:48.252  INFO 25504 --- [    Test worker] o.s.b.w.embedded.tomcat.TomcatWebServer  : Tomcat started on port(s): 28852 (http) with context path ''
?[0m?[0;34m2023-02-26 03:49:48.258  INFO 25504 --- [    Test worker] account.AccountServiceApplication        : Started AccountServiceApplication in 1.688 seconds (JVM running for 44.868)
?[0m?[1;31m
Start test 45?[0m
?[0;34m2023-02-26 03:49:48.265  INFO 25504 --- [io-28852-exec-1] o.a.c.c.C.[Tomcat].[localhost].[/]       : Initializing Spring DispatcherServlet 'dispatcherServlet'
?[0m?[0;34m2023-02-26 03:49:48.265  INFO 25504 --- [io-28852-exec-1] o.s.web.servlet.DispatcherServlet        : Initializing Servlet 'dispatcherServlet'
?[0m?[0;34m2023-02-26 03:49:48.266  INFO 25504 --- [io-28852-exec-1] o.s.web.servlet.DispatcherServlet        : Completed initialization in 1 ms
?[0m?[0;34m2023-02-26 03:49:48.743  INFO 25504 --- [io-28852-exec-1] account.services.UserDetailsServiceImpl  : loadUserByUsername: maxmustermann@acme.com
?[0m?[0;34m2023-02-26 03:49:48.745 TRACE 25504 --- [io-28852-exec-1] o.h.type.descriptor.sql.BasicBinder      : binding parameter [1] as [VARCHAR] - [maxmustermann@acme.com]
?[0m?[0;34m2023-02-26 03:49:48.747 TRACE 25504 --- [io-28852-exec-1] o.h.type.descriptor.sql.BasicBinder      : binding parameter [1] as [BIGINT] - [2]
?[0m?[0;34m2023-02-26 03:49:49.224 TRACE 25504 --- [io-28852-exec-1] o.h.type.descriptor.sql.BasicBinder      : binding parameter [1] as [VARCHAR] - [maxmustermann@acme.com]
?[0m?[0;34m2023-02-26 03:49:49.224 TRACE 25504 --- [io-28852-exec-1] o.h.type.descriptor.sql.BasicBinder      : binding parameter [1] as [BIGINT] - [2]
?[1;31m
Start test 46?[0m
?[0;34m2023-02-26 03:49:49.233  INFO 25504 --- [io-28852-exec-2] account.services.UserDetailsServiceImpl  : loadUserByUsername: johndoe@acme.com
?[0m?[0;34m2023-02-26 03:49:49.233 TRACE 25504 --- [io-28852-exec-2] o.h.type.descriptor.sql.BasicBinder      : binding parameter [1] as [VARCHAR] - [johndoe@acme.com]
?[0m?[0;34m2023-02-26 03:49:49.234 TRACE 25504 --- [io-28852-exec-2] o.h.type.descriptor.sql.BasicBinder      : binding parameter [1] as [BIGINT] - [1]
?[0m?[0;34m2023-02-26 03:49:50.206 TRACE 25504 --- [io-28852-exec-2] o.h.type.descriptor.sql.BasicBinder      : binding parameter [1] as [VARCHAR] - [johndoe@acme.com]
?[0m?[0;34m2023-02-26 03:49:50.207 TRACE 25504 --- [io-28852-exec-2] o.h.type.descriptor.sql.BasicBinder      : binding parameter [1] as [BIGINT] - [1]
?[0m?[0;34m2023-02-26 03:49:50.690 TRACE 25504 --- [io-28852-exec-2] o.h.type.descriptor.sql.BasicBinder      : binding parameter [1] as [VARCHAR] - [johndoe@acme.com]
?[0m?[0;34m2023-02-26 03:49:50.690 TRACE 25504 --- [io-28852-exec-2] o.h.type.descriptor.sql.BasicBinder      : binding parameter [2] as [VARCHAR] - [Doe]
?[0m?[0;34m2023-02-26 03:49:50.690 TRACE 25504 --- [io-28852-exec-2] o.h.type.descriptor.sql.BasicBinder      : binding parameter [3] as [VARCHAR] - [John]
?[0m?[0;34m2023-02-26 03:49:50.690 TRACE 25504 --- [io-28852-exec-2] o.h.type.descriptor.sql.BasicBinder      : binding parameter [4] as [VARCHAR] - [$2a$13$xfgmQwsxbSL9yaxc5kzonutK6oJVbbNXpy0rfUVbi9gMZQ2xzHVqi]
?[0m?[0;34m2023-02-26 03:49:50.691 TRACE 25504 --- [io-28852-exec-2] o.h.type.descriptor.sql.BasicBinder      : binding parameter [5] as [BIGINT] - [1]
?[1;31m
Start test 47?[0m
?[0;34m2023-02-26 03:49:50.698  INFO 25504 --- [io-28852-exec-4] account.services.UserDetailsServiceImpl  : loadUserByUsername: JohnDoe@acme.com
?[0m?[0;34m2023-02-26 03:49:50.699 TRACE 25504 --- [io-28852-exec-4] o.h.type.descriptor.sql.BasicBinder      : binding parameter [1] as [VARCHAR] - [johndoe@acme.com]
?[0m?[0;34m2023-02-26 03:49:50.700 TRACE 25504 --- [io-28852-exec-4] o.h.type.descriptor.sql.BasicBinder      : binding parameter [1] as [BIGINT] - [1]
?[1;31m
Start test 48?[0m
?[0;34m2023-02-26 03:49:51.185  INFO 25504 --- [io-28852-exec-5] account.services.UserDetailsServiceImpl  : loadUserByUsername: JohnDoe@acme.com
?[0m?[0;34m2023-02-26 03:49:51.186 TRACE 25504 --- [io-28852-exec-5] o.h.type.descriptor.sql.BasicBinder      : binding parameter [1] as [VARCHAR] - [johndoe@acme.com]
?[0m?[0;34m2023-02-26 03:49:51.187 TRACE 25504 --- [io-28852-exec-5] o.h.type.descriptor.sql.BasicBinder      : binding parameter [1] as [BIGINT] - [1]
?[0m?[0;34m2023-02-26 03:49:51.663 TRACE 25504 --- [io-28852-exec-5] o.h.type.descriptor.sql.BasicBinder      : binding parameter [1] as [VARCHAR] - [johndoe@acme.com]
?[0m?[0;34m2023-02-26 03:49:51.664 TRACE 25504 --- [io-28852-exec-5] o.h.type.descriptor.sql.BasicBinder      : binding parameter [1] as [BIGINT] - [1]
?[1;31m
Start test 49?[0m
?[0;34m2023-02-26 03:49:51.671  INFO 25504 --- [io-28852-exec-6] account.services.UserDetailsServiceImpl  : loadUserByUsername: maxmustermann@acme.com
?[0m?[0;34m2023-02-26 03:49:51.672 TRACE 25504 --- [io-28852-exec-6] o.h.type.descriptor.sql.BasicBinder      : binding parameter [1] as [VARCHAR] - [maxmustermann@acme.com]
?[0m?[0;34m2023-02-26 03:49:51.672 TRACE 25504 --- [io-28852-exec-6] o.h.type.descriptor.sql.BasicBinder      : binding parameter [1] as [BIGINT] - [2]
?[0m?[0;34m2023-02-26 03:49:52.626 TRACE 25504 --- [io-28852-exec-6] o.h.type.descriptor.sql.BasicBinder      : binding parameter [1] as [VARCHAR] - [maxmustermann@acme.com]
?[0m?[0;34m2023-02-26 03:49:52.626 TRACE 25504 --- [io-28852-exec-6] o.h.type.descriptor.sql.BasicBinder      : binding parameter [1] as [BIGINT] - [2]
?[0m?[0;34m2023-02-26 03:49:53.102 TRACE 25504 --- [io-28852-exec-6] o.h.type.descriptor.sql.BasicBinder      : binding parameter [1] as [VARCHAR] - [maxmustermann@acme.com]
?[0m?[0;34m2023-02-26 03:49:53.102 TRACE 25504 --- [io-28852-exec-6] o.h.type.descriptor.sql.BasicBinder      : binding parameter [2] as [VARCHAR] - [Mustermann]
?[0m?[0;34m2023-02-26 03:49:53.102 TRACE 25504 --- [io-28852-exec-6] o.h.type.descriptor.sql.BasicBinder      : binding parameter [3] as [VARCHAR] - [Max]
?[0m?[0;34m2023-02-26 03:49:53.102 TRACE 25504 --- [io-28852-exec-6] o.h.type.descriptor.sql.BasicBinder      : binding parameter [4] as [VARCHAR] - [$2a$13$bwgv4jeT8m3zwffZhA/yEOKSn8MCsw0KBDh4hDE5Jvsl6Fx4znK8W]
?[0m?[0;34m2023-02-26 03:49:53.102 TRACE 25504 --- [io-28852-exec-6] o.h.type.descriptor.sql.BasicBinder      : binding parameter [5] as [BIGINT] - [2]
?[1;31m
Start test 50?[0m
?[0;34m2023-02-26 03:49:53.109  INFO 25504 --- [io-28852-exec-7] account.services.UserDetailsServiceImpl  : loadUserByUsername: MaxMustermann@acme.com
?[0m?[0;34m2023-02-26 03:49:53.109 TRACE 25504 --- [io-28852-exec-7] o.h.type.descriptor.sql.BasicBinder      : binding parameter [1] as [VARCHAR] - [maxmustermann@acme.com]
?[0m?[0;34m2023-02-26 03:49:53.110 TRACE 25504 --- [io-28852-exec-7] o.h.type.descriptor.sql.BasicBinder      : binding parameter [1] as [BIGINT] - [2]
?[1;31m
Start test 51?[0m
?[0;34m2023-02-26 03:49:53.592  INFO 25504 --- [io-28852-exec-3] account.services.UserDetailsServiceImpl  : loadUserByUsername: MaxMustermann@acme.com
?[0m?[0;34m2023-02-26 03:49:53.592 TRACE 25504 --- [io-28852-exec-3] o.h.type.descriptor.sql.BasicBinder      : binding parameter [1] as [VARCHAR] - [maxmustermann@acme.com]
?[0m?[0;34m2023-02-26 03:49:53.593 TRACE 25504 --- [io-28852-exec-3] o.h.type.descriptor.sql.BasicBinder      : binding parameter [1] as [BIGINT] - [2]
?[0m?[0;34m2023-02-26 03:49:54.065 TRACE 25504 --- [io-28852-exec-3] o.h.type.descriptor.sql.BasicBinder      : binding parameter [1] as [VARCHAR] - [maxmustermann@acme.com]
?[0m?[0;34m2023-02-26 03:49:54.066 TRACE 25504 --- [io-28852-exec-3] o.h.type.descriptor.sql.BasicBinder      : binding parameter [1] as [BIGINT] - [2]
]]></system-out>
  <system-err><![CDATA[]]></system-err>
</testsuite>
