<?xml version="1.0" encoding="UTF-8"?>
<testsuite name="AccountServiceTest" tests="1" skipped="0" failures="0" errors="0" timestamp="2023-03-03T02:26:35" hostname="DESKTOP-4FRVMN0" time="76.235">
  <properties/>
  <testcase name="start" classname="AccountServiceTest" time="76.235"/>
  <system-out><![CDATA[?[1;31m
Start test 1?[0m
?[0;34m-------------------------------------------------------------------------------------------------------
?[0m?[0;34mIf you're seeing this code through Hyperskill, follow me on GitHub to see more projects like this one!
?[0m?[0;34m
?[0m?[0;34m ██████  ██ ████████ ██   ██ ██    ██ ██████         ███████  █████  ██████  ██    ██ ██  ██████ 
?[0m?[0;34m██       ██    ██    ██   ██ ██    ██ ██   ██ ██     ██      ██   ██ ██   ██ ██    ██ ██ ██      
?[0m?[0;34m██   ███ ██    ██    ███████ ██    ██ ██████         █████   ███████ ██████  ██    ██ ██ ██      
?[0m?[0;34m██    ██ ██    ██    ██   ██ ██    ██ ██   ██ ██     ██      ██   ██ ██   ██  ██  ██  ██ ██      
?[0m?[0;34m ██████  ██    ██    ██   ██  ██████  ██████         ██      ██   ██ ██   ██   ████   ██  ██████
?[0m?[0;34m  
?[0m?[0;34mGitHub: https://github.com/farvic
?[0m?[0;34mLinkedIn: https://www.linkedin.com/in/victorfa/
?[0m?[0;34m-------------------------------------------------------------------------------------------------------
?[0m?[0;34m2023-03-02 23:26:36.547  INFO 26484 --- [    Test worker] account.AccountServiceApplication        : Starting AccountServiceApplication using Java 17.0.6 on DESKTOP-4FRVMN0 with PID 26484 (started by Victor in D:\java\backend-java\Account Service\Account Service\task)
?[0m?[0;34m2023-03-02 23:26:36.550  INFO 26484 --- [    Test worker] account.AccountServiceApplication        : No active profile set, falling back to default profiles: default
?[0m?[0;34m2023-03-02 23:26:37.488  INFO 26484 --- [    Test worker] .s.d.r.c.RepositoryConfigurationDelegate : Bootstrapping Spring Data JPA repositories in DEFAULT mode.
?[0m?[0;34m2023-03-02 23:26:37.544  INFO 26484 --- [    Test worker] .s.d.r.c.RepositoryConfigurationDelegate : Finished Spring Data repository scanning in 47 ms. Found 3 JPA repository interfaces.
?[0m?[0;34m2023-03-02 23:26:38.175  INFO 26484 --- [    Test worker] o.s.b.w.embedded.tomcat.TomcatWebServer  : Tomcat initialized with port(s): 28852 (http)
?[0m?[0;34m2023-03-02 23:26:38.185  INFO 26484 --- [    Test worker] o.apache.catalina.core.StandardService   : Starting service [Tomcat]
?[0m?[0;34m2023-03-02 23:26:38.185  INFO 26484 --- [    Test worker] org.apache.catalina.core.StandardEngine  : Starting Servlet engine: [Apache Tomcat/9.0.54]
?[0m?[0;34m2023-03-02 23:26:38.287  INFO 26484 --- [    Test worker] o.a.c.c.C.[Tomcat].[localhost].[/]       : Initializing Spring embedded WebApplicationContext
?[0m?[0;34m2023-03-02 23:26:38.287  INFO 26484 --- [    Test worker] w.s.c.ServletWebServerApplicationContext : Root WebApplicationContext: initialization completed in 1692 ms
?[0m?[0;34m2023-03-02 23:26:38.494  INFO 26484 --- [    Test worker] com.zaxxer.hikari.HikariDataSource       : HikariPool-1 - Starting...
?[0m?[0;34m2023-03-02 23:26:38.668  INFO 26484 --- [    Test worker] com.zaxxer.hikari.HikariDataSource       : HikariPool-1 - Start completed.
?[0m?[0;34m2023-03-02 23:26:38.679  INFO 26484 --- [    Test worker] o.s.b.a.h2.H2ConsoleAutoConfiguration    : H2 console available at '/h2-console'. Database available at 'jdbc:h2:file:../service_db'
?[0m?[0;34m2023-03-02 23:26:38.925  INFO 26484 --- [    Test worker] o.hibernate.jpa.internal.util.LogHelper  : HHH000204: Processing PersistenceUnitInfo [name: default]
?[0m?[0;34m2023-03-02 23:26:38.977  INFO 26484 --- [    Test worker] org.hibernate.Version                    : HHH000412: Hibernate ORM core version 5.4.32.Final
?[0m?[0;34m2023-03-02 23:26:39.113  INFO 26484 --- [    Test worker] o.hibernate.annotations.common.Version   : HCANN000001: Hibernate Commons Annotations {5.1.2.Final}
?[0m?[0;34m2023-03-02 23:26:39.227  INFO 26484 --- [    Test worker] org.hibernate.dialect.Dialect            : HHH000400: Using dialect: org.hibernate.dialect.H2Dialect
?[0m?[0;34m2023-03-02 23:26:39.940  INFO 26484 --- [    Test worker] o.h.e.t.j.p.i.JtaPlatformInitiator       : HHH000490: Using JtaPlatform implementation: [org.hibernate.engine.transaction.jta.platform.internal.NoJtaPlatform]
?[0m?[0;34m2023-03-02 23:26:39.948  INFO 26484 --- [    Test worker] j.LocalContainerEntityManagerFactoryBean : Initialized JPA EntityManagerFactory for persistence unit 'default'
?[0m?[0;34m2023-03-02 23:26:40.000  WARN 26484 --- [    Test worker] JpaBaseConfiguration$JpaWebConfiguration : spring.jpa.open-in-view is enabled by default. Therefore, database queries may be performed during view rendering. Explicitly configure spring.jpa.open-in-view to disable this warning
?[0m?[0;34m2023-03-02 23:26:41.766  INFO 26484 --- [    Test worker] o.s.b.a.e.web.EndpointLinksResolver      : Exposing 14 endpoint(s) beneath base path '/actuator'
?[0m?[0;34m2023-03-02 23:26:41.864  INFO 26484 --- [    Test worker] o.s.s.web.DefaultSecurityFilterChain     : Will secure any request with [org.springframework.security.web.context.request.async.WebAsyncManagerIntegrationFilter@5c519da4, org.springframework.security.web.context.SecurityContextPersistenceFilter@75cfb958, org.springframework.security.web.header.HeaderWriterFilter@25a81f28, org.springframework.security.web.authentication.logout.LogoutFilter@5f0c45ae, org.springframework.security.web.authentication.www.BasicAuthenticationFilter@1676e501, org.springframework.security.web.savedrequest.RequestCacheAwareFilter@42d65ffc, org.springframework.security.web.servletapi.SecurityContextHolderAwareRequestFilter@53c39950, org.springframework.security.web.authentication.AnonymousAuthenticationFilter@4f67d628, org.springframework.security.web.session.SessionManagementFilter@6edd8d56, org.springframework.security.web.access.ExceptionTranslationFilter@502f6f6a, org.springframework.security.web.access.intercept.FilterSecurityInterceptor@1b87f7cd]
?[0m?[0;34m2023-03-02 23:26:42.305  INFO 26484 --- [    Test worker] o.s.b.w.embedded.tomcat.TomcatWebServer  : Tomcat started on port(s): 28852 (http) with context path ''
?[0m?[0;34m2023-03-02 23:26:42.317  INFO 26484 --- [    Test worker] account.AccountServiceApplication        : Started AccountServiceApplication in 6.08 seconds (JVM running for 6.943)
?[0;34m2023-03-02 23:26:42.582  INFO 26484 --- [io-28852-exec-1] o.a.c.c.C.[Tomcat].[localhost].[/]       : Initializing Spring DispatcherServlet 'dispatcherServlet'
?[0m?[0;34m2023-03-02 23:26:42.582  INFO 26484 --- [io-28852-exec-1] o.s.web.servlet.DispatcherServlet        : Initializing Servlet 'dispatcherServlet'
?[0m?[0;34m2023-03-02 23:26:42.584  INFO 26484 --- [io-28852-exec-1] o.s.web.servlet.DispatcherServlet        : Completed initialization in 2 ms
?[0m?[1;31m
Start test 2?[0m
?[1;31m
Start test 3?[0m
?[1;31m
Start test 4?[0m
?[1;31m
Start test 5?[0m
?[1;31m
Start test 6?[0m
?[1;31m
Start test 7?[0m
?[1;31m
Start test 8?[0m
?[1;31m
Start test 9?[0m
?[1;31m
Start test 10?[0m
?[1;31m
Start test 11?[0m
?[1;31m
Start test 12?[0m
?[1;31m
Start test 13?[0m
?[1;31m
Start test 14?[0m
?[1;31m
Start test 15?[0m
?[1;31m
Start test 16?[0m
?[1;31m
Start test 17?[0m
?[1;31m
Start test 18?[0m
?[1;31m
Start test 19?[0m
?[1;31m
Start test 20?[0m
?[1;31m
Start test 21?[0m
?[1;31m
Start test 22?[0m
?[1;31m
Start test 23?[0m
?[1;31m
Start test 24?[0m
?[1;31m
Start test 25?[0m
?[1;31m
Start test 26?[0m
?[1;31m
Start test 27?[0m
?[1;31m
Start test 28?[0m
?[1;31m
Start test 29?[0m
?[1;31m
Start test 30?[0m
?[1;31m
Start test 31?[0m
?[0;34m2023-03-02 23:27:03.700  INFO 26484 --- [io-28852-exec-3] account.services.UserServiceImpl         : Getting all users
?[1;31m
Start test 32?[0m
?[0;34m2023-03-02 23:27:04.253  INFO 26484 --- [       Thread-5] j.LocalContainerEntityManagerFactoryBean : Closing JPA EntityManagerFactory for persistence unit 'default'
?[0m?[0;34m2023-03-02 23:27:04.255  INFO 26484 --- [       Thread-5] com.zaxxer.hikari.HikariDataSource       : HikariPool-1 - Shutdown initiated...
?[0m?[0;34m2023-03-02 23:27:04.528  INFO 26484 --- [       Thread-5] com.zaxxer.hikari.HikariDataSource       : HikariPool-1 - Shutdown completed.
?[0;34m-------------------------------------------------------------------------------------------------------
?[0m?[0;34mIf you're seeing this code through Hyperskill, follow me on GitHub to see more projects like this one!
?[0m?[0;34m
?[0m?[0;34m ██████  ██ ████████ ██   ██ ██    ██ ██████         ███████  █████  ██████  ██    ██ ██  ██████ 
?[0m?[0;34m██       ██    ██    ██   ██ ██    ██ ██   ██ ██     ██      ██   ██ ██   ██ ██    ██ ██ ██      
?[0m?[0;34m██   ███ ██    ██    ███████ ██    ██ ██████         █████   ███████ ██████  ██    ██ ██ ██      
?[0m?[0;34m██    ██ ██    ██    ██   ██ ██    ██ ██   ██ ██     ██      ██   ██ ██   ██  ██  ██  ██ ██      
?[0m?[0;34m ██████  ██    ██    ██   ██  ██████  ██████         ██      ██   ██ ██   ██   ████   ██  ██████
?[0m?[0;34m  
?[0m?[0;34mGitHub: https://github.com/farvic
?[0m?[0;34mLinkedIn: https://www.linkedin.com/in/victorfa/
?[0m?[0;34m-------------------------------------------------------------------------------------------------------
?[0m?[0;34m2023-03-02 23:27:14.640  INFO 26484 --- [    Test worker] account.AccountServiceApplication        : Starting AccountServiceApplication using Java 17.0.6 on DESKTOP-4FRVMN0 with PID 26484 (started by Victor in D:\java\backend-java\Account Service\Account Service\task)
?[0m?[0;34m2023-03-02 23:27:14.640  INFO 26484 --- [    Test worker] account.AccountServiceApplication        : No active profile set, falling back to default profiles: default
?[0m?[0;34m2023-03-02 23:27:14.861  INFO 26484 --- [    Test worker] .s.d.r.c.RepositoryConfigurationDelegate : Bootstrapping Spring Data JPA repositories in DEFAULT mode.
?[0m?[0;34m2023-03-02 23:27:14.872  INFO 26484 --- [    Test worker] .s.d.r.c.RepositoryConfigurationDelegate : Finished Spring Data repository scanning in 10 ms. Found 3 JPA repository interfaces.
?[0m?[0;34m2023-03-02 23:27:14.995  INFO 26484 --- [    Test worker] o.s.b.w.embedded.tomcat.TomcatWebServer  : Tomcat initialized with port(s): 28852 (http)
?[0m?[0;34m2023-03-02 23:27:14.996  INFO 26484 --- [    Test worker] o.apache.catalina.core.StandardService   : Starting service [Tomcat]
?[0m?[0;34m2023-03-02 23:27:14.996  INFO 26484 --- [    Test worker] org.apache.catalina.core.StandardEngine  : Starting Servlet engine: [Apache Tomcat/9.0.54]
?[0m?[0;34m2023-03-02 23:27:15.026  INFO 26484 --- [    Test worker] o.a.c.c.C.[Tomcat].[localhost].[/]       : Initializing Spring embedded WebApplicationContext
?[0m?[0;34m2023-03-02 23:27:15.026  INFO 26484 --- [    Test worker] w.s.c.ServletWebServerApplicationContext : Root WebApplicationContext: initialization completed in 384 ms
?[0m?[0;34m2023-03-02 23:27:15.127  INFO 26484 --- [    Test worker] com.zaxxer.hikari.HikariDataSource       : HikariPool-2 - Starting...
?[0m?[0;34m2023-03-02 23:27:15.134  INFO 26484 --- [    Test worker] com.zaxxer.hikari.HikariDataSource       : HikariPool-2 - Start completed.
?[0m?[0;34m2023-03-02 23:27:15.134  INFO 26484 --- [    Test worker] o.s.b.a.h2.H2ConsoleAutoConfiguration    : H2 console available at '/h2-console'. Database available at 'jdbc:h2:file:../service_db'
?[0m?[0;34m2023-03-02 23:27:15.256  INFO 26484 --- [    Test worker] o.hibernate.jpa.internal.util.LogHelper  : HHH000204: Processing PersistenceUnitInfo [name: default]
?[0m?[0;34m2023-03-02 23:27:15.260  INFO 26484 --- [    Test worker] org.hibernate.dialect.Dialect            : HHH000400: Using dialect: org.hibernate.dialect.H2Dialect
?[0m?[0;34m2023-03-02 23:27:15.331  INFO 26484 --- [    Test worker] o.h.e.t.j.p.i.JtaPlatformInitiator       : HHH000490: Using JtaPlatform implementation: [org.hibernate.engine.transaction.jta.platform.internal.NoJtaPlatform]
?[0m?[0;34m2023-03-02 23:27:15.332  INFO 26484 --- [    Test worker] j.LocalContainerEntityManagerFactoryBean : Initialized JPA EntityManagerFactory for persistence unit 'default'
?[0m?[0;34m2023-03-02 23:27:15.361  WARN 26484 --- [    Test worker] JpaBaseConfiguration$JpaWebConfiguration : spring.jpa.open-in-view is enabled by default. Therefore, database queries may be performed during view rendering. Explicitly configure spring.jpa.open-in-view to disable this warning
?[0m?[0;34m2023-03-02 23:27:15.544  WARN 26484 --- [    Test worker] o.h.engine.jdbc.spi.SqlExceptionHelper   : SQL Error: 23505, SQLState: 23505
?[0m?[0;34m2023-03-02 23:27:15.544 ERROR 26484 --- [    Test worker] o.h.engine.jdbc.spi.SqlExceptionHelper   : Unique index or primary key violation: "PUBLIC.UK_7NBDQY3H6UJWHTWAPM0ENSTRI_INDEX_9 ON PUBLIC.SECURITY_GROUP(ROLE) VALUES 1"; SQL statement:
?[0m?[0;34minsert into security_group (role, group_id) values (?, ?) [23505-200]
?[0m?[0;34m2023-03-02 23:27:16.037  INFO 26484 --- [    Test worker] o.s.b.a.e.web.EndpointLinksResolver      : Exposing 14 endpoint(s) beneath base path '/actuator'
?[0m?[0;34m2023-03-02 23:27:16.110  INFO 26484 --- [    Test worker] o.s.s.web.DefaultSecurityFilterChain     : Will secure any request with [org.springframework.security.web.context.request.async.WebAsyncManagerIntegrationFilter@500341c4, org.springframework.security.web.context.SecurityContextPersistenceFilter@4ec0c727, org.springframework.security.web.header.HeaderWriterFilter@53d782b0, org.springframework.security.web.authentication.logout.LogoutFilter@48d44acf, org.springframework.security.web.authentication.www.BasicAuthenticationFilter@21304869, org.springframework.security.web.savedrequest.RequestCacheAwareFilter@fbcc62a, org.springframework.security.web.servletapi.SecurityContextHolderAwareRequestFilter@6011176f, org.springframework.security.web.authentication.AnonymousAuthenticationFilter@3d4b3b94, org.springframework.security.web.session.SessionManagementFilter@f4deb35, org.springframework.security.web.access.ExceptionTranslationFilter@7416b560, org.springframework.security.web.access.intercept.FilterSecurityInterceptor@5b95a754]
?[0m?[0;34m2023-03-02 23:27:16.354  INFO 26484 --- [    Test worker] o.s.b.w.embedded.tomcat.TomcatWebServer  : Tomcat started on port(s): 28852 (http) with context path ''
?[0m?[0;34m2023-03-02 23:27:16.360  INFO 26484 --- [    Test worker] account.AccountServiceApplication        : Started AccountServiceApplication in 1.74 seconds (JVM running for 40.986)
?[0m?[1;31m
Start test 33?[0m
?[0;34m2023-03-02 23:27:16.366  INFO 26484 --- [io-28852-exec-1] o.a.c.c.C.[Tomcat].[localhost].[/]       : Initializing Spring DispatcherServlet 'dispatcherServlet'
?[0m?[0;34m2023-03-02 23:27:16.366  INFO 26484 --- [io-28852-exec-1] o.s.web.servlet.DispatcherServlet        : Initializing Servlet 'dispatcherServlet'
?[0m?[0;34m2023-03-02 23:27:16.367  INFO 26484 --- [io-28852-exec-1] o.s.web.servlet.DispatcherServlet        : Completed initialization in 1 ms
?[1;31m
Start test 34?[0m
?[0;34m2023-03-02 23:27:17.837  WARN 26484 --- [io-28852-exec-2] a.config.CustomAccessDeniedHandler       : User: maxmustermann@acme.com attempted to access the protected URL: /api/admin/user/
?[1;31m
Start test 35?[0m
?[0;34m2023-03-02 23:27:18.332  WARN 26484 --- [io-28852-exec-3] a.config.CustomAccessDeniedHandler       : User: maxmustermann@acme.com attempted to access the protected URL: /api/admin/user/johndoe@acme.com
?[1;31m
Start test 36?[0m
?[0;34m2023-03-02 23:27:18.831  INFO 26484 --- [io-28852-exec-4] account.services.UserServiceImpl         : Getting all users
?[1;31m
Start test 37?[0m
?[1;31m
Start test 38?[0m
?[0;34m2023-03-02 23:27:19.837  INFO 26484 --- [io-28852-exec-6] account.services.UserServiceImpl         : Getting all users
?[1;31m
Start test 39?[0m
?[1;31m
Start test 40?[0m
?[1;31m
Start test 41?[0m
?[1;31m
Start test 42?[0m
?[1;31m
Start test 43?[0m
?[0m?[0;34m2023-03-02 23:27:22.298  INFO 26484 --- [io-28852-exec-1] account.services.UserServiceImpl         : Getting all users
?[1;31m
Start test 44?[0m
?[1;31m
Start test 45?[0m
?[0;34m2023-03-02 23:27:23.338  INFO 26484 --- [       Thread-7] j.LocalContainerEntityManagerFactoryBean : Closing JPA EntityManagerFactory for persistence unit 'default'
?[0m?[0;34m2023-03-02 23:27:23.338  INFO 26484 --- [       Thread-7] com.zaxxer.hikari.HikariDataSource       : HikariPool-2 - Shutdown initiated...
?[0m?[0;34m2023-03-02 23:27:23.694  INFO 26484 --- [       Thread-7] com.zaxxer.hikari.HikariDataSource       : HikariPool-2 - Shutdown completed.
?[0;34m-------------------------------------------------------------------------------------------------------
?[0m?[0;34mIf you're seeing this code through Hyperskill, follow me on GitHub to see more projects like this one!
?[0m?[0;34m
?[0m?[0;34m ██████  ██ ████████ ██   ██ ██    ██ ██████         ███████  █████  ██████  ██    ██ ██  ██████ 
?[0m?[0;34m██       ██    ██    ██   ██ ██    ██ ██   ██ ██     ██      ██   ██ ██   ██ ██    ██ ██ ██      
?[0m?[0;34m██   ███ ██    ██    ███████ ██    ██ ██████         █████   ███████ ██████  ██    ██ ██ ██      
?[0m?[0;34m██    ██ ██    ██    ██   ██ ██    ██ ██   ██ ██     ██      ██   ██ ██   ██  ██  ██  ██ ██      
?[0m?[0;34m ██████  ██    ██    ██   ██  ██████  ██████         ██      ██   ██ ██   ██   ████   ██  ██████
?[0m?[0;34m  
?[0m?[0;34mGitHub: https://github.com/farvic
?[0m?[0;34mLinkedIn: https://www.linkedin.com/in/victorfa/
?[0m?[0;34m-------------------------------------------------------------------------------------------------------
?[0m?[0;34m2023-03-02 23:27:33.721  INFO 26484 --- [    Test worker] account.AccountServiceApplication        : Starting AccountServiceApplication using Java 17.0.6 on DESKTOP-4FRVMN0 with PID 26484 (started by Victor in D:\java\backend-java\Account Service\Account Service\task)
?[0m?[0;34m2023-03-02 23:27:33.721  INFO 26484 --- [    Test worker] account.AccountServiceApplication        : No active profile set, falling back to default profiles: default
?[0m?[0;34m2023-03-02 23:27:33.902  INFO 26484 --- [    Test worker] .s.d.r.c.RepositoryConfigurationDelegate : Bootstrapping Spring Data JPA repositories in DEFAULT mode.
?[0m?[0;34m2023-03-02 23:27:33.914  INFO 26484 --- [    Test worker] .s.d.r.c.RepositoryConfigurationDelegate : Finished Spring Data repository scanning in 11 ms. Found 3 JPA repository interfaces.
?[0m?[0;34m2023-03-02 23:27:34.022  INFO 26484 --- [    Test worker] o.s.b.w.embedded.tomcat.TomcatWebServer  : Tomcat initialized with port(s): 28852 (http)
?[0m?[0;34m2023-03-02 23:27:34.023  INFO 26484 --- [    Test worker] o.apache.catalina.core.StandardService   : Starting service [Tomcat]
?[0m?[0;34m2023-03-02 23:27:34.023  INFO 26484 --- [    Test worker] org.apache.catalina.core.StandardEngine  : Starting Servlet engine: [Apache Tomcat/9.0.54]
?[0m?[0;34m2023-03-02 23:27:34.050  INFO 26484 --- [    Test worker] o.a.c.c.C.[Tomcat].[localhost].[/]       : Initializing Spring embedded WebApplicationContext
?[0m?[0;34m2023-03-02 23:27:34.050  INFO 26484 --- [    Test worker] w.s.c.ServletWebServerApplicationContext : Root WebApplicationContext: initialization completed in 327 ms
?[0m?[0;34m2023-03-02 23:27:34.155  INFO 26484 --- [    Test worker] com.zaxxer.hikari.HikariDataSource       : HikariPool-3 - Starting...
?[0m?[0;34m2023-03-02 23:27:34.161  INFO 26484 --- [    Test worker] com.zaxxer.hikari.HikariDataSource       : HikariPool-3 - Start completed.
?[0m?[0;34m2023-03-02 23:27:34.161  INFO 26484 --- [    Test worker] o.s.b.a.h2.H2ConsoleAutoConfiguration    : H2 console available at '/h2-console'. Database available at 'jdbc:h2:file:../service_db'
?[0m?[0;34m2023-03-02 23:27:34.288  INFO 26484 --- [    Test worker] o.hibernate.jpa.internal.util.LogHelper  : HHH000204: Processing PersistenceUnitInfo [name: default]
?[0m?[0;34m2023-03-02 23:27:34.293  INFO 26484 --- [    Test worker] org.hibernate.dialect.Dialect            : HHH000400: Using dialect: org.hibernate.dialect.H2Dialect
?[0m?[0;34m2023-03-02 23:27:34.393  INFO 26484 --- [    Test worker] o.h.e.t.j.p.i.JtaPlatformInitiator       : HHH000490: Using JtaPlatform implementation: [org.hibernate.engine.transaction.jta.platform.internal.NoJtaPlatform]
?[0m?[0;34m2023-03-02 23:27:34.394  INFO 26484 --- [    Test worker] j.LocalContainerEntityManagerFactoryBean : Initialized JPA EntityManagerFactory for persistence unit 'default'
?[0m?[0;34m2023-03-02 23:27:34.421  WARN 26484 --- [    Test worker] JpaBaseConfiguration$JpaWebConfiguration : spring.jpa.open-in-view is enabled by default. Therefore, database queries may be performed during view rendering. Explicitly configure spring.jpa.open-in-view to disable this warning
?[0m?[0;34m2023-03-02 23:27:34.620  WARN 26484 --- [    Test worker] o.h.engine.jdbc.spi.SqlExceptionHelper   : SQL Error: 23505, SQLState: 23505
?[0m?[0;34m2023-03-02 23:27:34.620 ERROR 26484 --- [    Test worker] o.h.engine.jdbc.spi.SqlExceptionHelper   : Unique index or primary key violation: "PUBLIC.UK_7NBDQY3H6UJWHTWAPM0ENSTRI_INDEX_9 ON PUBLIC.SECURITY_GROUP(ROLE) VALUES 1"; SQL statement:
?[0m?[0;34minsert into security_group (role, group_id) values (?, ?) [23505-200]
?[0m?[0;34m2023-03-02 23:27:35.046  INFO 26484 --- [    Test worker] o.s.b.a.e.web.EndpointLinksResolver      : Exposing 14 endpoint(s) beneath base path '/actuator'
?[0m?[0;34m2023-03-02 23:27:35.105  INFO 26484 --- [    Test worker] o.s.s.web.DefaultSecurityFilterChain     : Will secure any request with [org.springframework.security.web.context.request.async.WebAsyncManagerIntegrationFilter@75dc1d5a, org.springframework.security.web.context.SecurityContextPersistenceFilter@27ebe541, org.springframework.security.web.header.HeaderWriterFilter@16043cb9, org.springframework.security.web.authentication.logout.LogoutFilter@7d5caf3, org.springframework.security.web.authentication.www.BasicAuthenticationFilter@456a0e9e, org.springframework.security.web.savedrequest.RequestCacheAwareFilter@4430d9be, org.springframework.security.web.servletapi.SecurityContextHolderAwareRequestFilter@73e6d475, org.springframework.security.web.authentication.AnonymousAuthenticationFilter@1946d235, org.springframework.security.web.session.SessionManagementFilter@7aaec50e, org.springframework.security.web.access.ExceptionTranslationFilter@23b81002, org.springframework.security.web.access.intercept.FilterSecurityInterceptor@17fac5b2]
?[0m?[0;34m2023-03-02 23:27:35.315  INFO 26484 --- [    Test worker] o.s.b.w.embedded.tomcat.TomcatWebServer  : Tomcat started on port(s): 28852 (http) with context path ''
?[0m?[0;34m2023-03-02 23:27:35.321  INFO 26484 --- [    Test worker] account.AccountServiceApplication        : Started AccountServiceApplication in 1.615 seconds (JVM running for 59.947)
?[0m?[1;31m
Start test 46?[0m
?[0;34m2023-03-02 23:27:35.329  INFO 26484 --- [io-28852-exec-1] o.a.c.c.C.[Tomcat].[localhost].[/]       : Initializing Spring DispatcherServlet 'dispatcherServlet'
?[0m?[0;34m2023-03-02 23:27:35.329  INFO 26484 --- [io-28852-exec-1] o.s.web.servlet.DispatcherServlet        : Initializing Servlet 'dispatcherServlet'
?[0m?[0;34m2023-03-02 23:27:35.330  INFO 26484 --- [io-28852-exec-1] o.s.web.servlet.DispatcherServlet        : Completed initialization in 1 ms
?[0m?[0;34m2023-03-02 23:27:36.306  INFO 26484 --- [io-28852-exec-1] account.services.UserServiceImpl         : Getting all users
?[1;31m
Start test 47?[0m
?[0;34m2023-03-02 23:27:36.807  INFO 26484 --- [io-28852-exec-2] account.services.UserServiceImpl         : GRANT user role for user: IvanIvanov@acme.com to role: ACCOUNTANT
?[1;31m
Start test 48?[0m
?[0;34m2023-03-02 23:27:37.301  INFO 26484 --- [io-28852-exec-3] account.services.UserServiceImpl         : Getting all users
?[1;31m
Start test 49?[0m
?[0;34m2023-03-02 23:27:37.793  INFO 26484 --- [io-28852-exec-4] account.services.UserServiceImpl         : REMOVE user role for user: IvanIvanov@acme.com to role: ACCOUNTANT
?[1;31m
Start test 50?[0m
?[0;34m2023-03-02 23:27:38.282  INFO 26484 --- [io-28852-exec-5] account.services.UserServiceImpl         : Getting all users
?[1;31m
Start test 51?[0m
?[0;34m2023-03-02 23:27:38.771  INFO 26484 --- [io-28852-exec-6] account.services.UserServiceImpl         : GRANT user role for user: IvanIvanov@acme.com to role: ACCOUNTANT
?[1;31m
Start test 52?[0m
?[0;34m2023-03-02 23:27:39.263  INFO 26484 --- [io-28852-exec-7] account.services.UserServiceImpl         : GRANT user role for user: IvanIvanov@acme.com to role: NEW_ROLE
?[1;31m
Start test 53?[0m
?[0;34m2023-03-02 23:27:39.756  INFO 26484 --- [io-28852-exec-8] account.services.UserServiceImpl         : GRANT user role for user: IvanIvanov@acme.com to role: ADMINISTRATOR
?[1;31m
Start test 54?[0m
?[0;34m2023-03-02 23:27:40.244  INFO 26484 --- [io-28852-exec-9] account.services.UserServiceImpl         : GRANT user role for user: JohnDoe@acme.com to role: USER
?[1;31m
Start test 55?[0m
?[0;34m2023-03-02 23:27:40.730  INFO 26484 --- [o-28852-exec-10] account.services.UserServiceImpl         : REMOVE user role for user: JohnDoe@acme.com to role: ADMINISTRATOR
?[1;31m
Start test 56?[0m
?[0m?[0;34m2023-03-02 23:27:41.216  INFO 26484 --- [io-28852-exec-1] account.services.UserServiceImpl         : REMOVE user role for user: MaxMustermann@acme.com to role: USER
?[1;31m
Start test 57?[0m
?[0m?[0;34m2023-03-02 23:27:41.704  INFO 26484 --- [io-28852-exec-2] account.services.UserServiceImpl         : REMOVE user role for user: MaxMustermann@acme.com to role: ACCOUNTANT
?[1;31m
Start test 58?[0m
?[0m?[0;34m2023-03-02 23:27:42.195  INFO 26484 --- [io-28852-exec-3] account.services.UserServiceImpl         : REMOVE user role for user: nautilus@pompilius.com to role: ACCOUNTANT
?[1;31m
Start test 59?[0m
?[0m?[0;34m2023-03-02 23:27:42.686  WARN 26484 --- [io-28852-exec-4] a.config.CustomAccessDeniedHandler       : User: ivanivanov@acme.com attempted to access the protected URL: /api/admin/user/role
?[1;31m
Start test 60?[0m
?[0m?[0;34m2023-03-02 23:27:43.175  WARN 26484 --- [io-28852-exec-5] a.config.CustomAccessDeniedHandler       : User: ivanivanov@acme.com attempted to access the protected URL: /api/admin/user/
?[1;31m
Start test 61?[0m
?[0m?[0;34m2023-03-02 23:27:43.658  WARN 26484 --- [io-28852-exec-6] a.config.CustomAccessDeniedHandler       : User: ivanivanov@acme.com attempted to access the protected URL: /api/admin/user
?[1;31m
Start test 62?[0m
?[0m?[0;34m2023-03-02 23:27:44.143  WARN 26484 --- [io-28852-exec-7] a.config.CustomAccessDeniedHandler       : User: johndoe@acme.com attempted to access the protected URL: /api/acct/payments
?[1;31m
Start test 63?[0m
?[0m?[0;34m2023-03-02 23:27:44.639  WARN 26484 --- [io-28852-exec-8] a.config.CustomAccessDeniedHandler       : User: maxmustermann@acme.com attempted to access the protected URL: /api/acct/payments
?[1;31m
Start test 64?[0m
?[0m?[0;34m2023-03-02 23:27:45.134  WARN 26484 --- [io-28852-exec-9] a.config.CustomAccessDeniedHandler       : User: johndoe@acme.com attempted to access the protected URL: /api/empl/payment
?[1;31m
Start test 65?[0m
?[0m?[0;34m2023-03-02 23:27:45.637  INFO 26484 --- [o-28852-exec-10] account.services.PaymentServiceImpl      : Payment requests: [account.dto.PaymentRequest@23996ecc, account.dto.PaymentRequest@72d3ffcb, account.dto.PaymentRequest@4929a8af, account.dto.PaymentRequest@1f334b50, account.dto.PaymentRequest@7734a974, account.dto.PaymentRequest@1a743dfe]
?[0m?[0;34m2023-03-02 23:27:45.640  INFO 26484 --- [o-28852-exec-10] account.services.PaymentServiceImpl      : Payments: {maxmustermann@acme.com=[account.domain.Payment@6b3add90, account.domain.Payment@48df9aff, account.domain.Payment@3349b654], ivanivanov@acme.com=[account.domain.Payment@5b784f41, account.domain.Payment@6693dfe3, account.domain.Payment@522fa9ac]}
?[0m?[0;34m2023-03-02 23:27:45.642  INFO 26484 --- [o-28852-exec-10] account.services.PaymentServiceImpl      : Employee: maxmustermann@acme.com payments: [account.domain.Payment@6b3add90, account.domain.Payment@48df9aff, account.domain.Payment@3349b654]
?[0m?[0;34m2023-03-02 23:27:45.664  INFO 26484 --- [o-28852-exec-10] account.services.PaymentServiceImpl      : Employee: ivanivanov@acme.com payments: [account.domain.Payment@5b784f41, account.domain.Payment@6693dfe3, account.domain.Payment@522fa9ac]
?[1;31m
Start test 66?[0m
?[1;31m
Start test 67?[0m
?[1;31m
Start test 68?[0m
?[0m?[0;34m2023-03-02 23:27:47.163  INFO 26484 --- [io-28852-exec-3] account.services.PaymentServiceImpl      : Payment requests: [account.dto.PaymentRequest@36e0c965]
?[0m?[0;34m2023-03-02 23:27:47.163  INFO 26484 --- [io-28852-exec-3] account.services.PaymentServiceImpl      : Payments: {johndoe@acme.com=[account.domain.Payment@35c4dc43]}
?[0m?[0;34m2023-03-02 23:27:47.164  INFO 26484 --- [io-28852-exec-3] account.services.PaymentServiceImpl      : Employee: johndoe@acme.com payments: [account.domain.Payment@35c4dc43]
?[1;31m
Start test 69?[0m
?[1;31m
Start test 70?[0m
?[0m?[0;34m2023-03-02 23:27:48.148  INFO 26484 --- [io-28852-exec-5] account.services.PaymentServiceImpl      : Payment requests: [account.dto.PaymentRequest@68ea5d23]
?[1;31m
Start test 71?[0m
?[1;31m
Start test 72?[0m
?[0m?[0;34m2023-03-02 23:27:49.130  INFO 26484 --- [io-28852-exec-7] account.services.PaymentServiceImpl      : Payment requests: [account.dto.PaymentRequest@41955b75, account.dto.PaymentRequest@2c5c77c3]
?[1;31m
Start test 73?[0m
?[1;31m
Start test 74?[0m
?[1;31m
Start test 75?[0m
?[1;31m
Start test 76?[0m
?[1;31m
Start test 77?[0m
?[1;31m
Start test 78?[0m
]]></system-out>
  <system-err><![CDATA[]]></system-err>
</testsuite>
