<?xml version="1.0" encoding="UTF-8"?>
<testsuite name="AccountServiceTest" tests="1" skipped="0" failures="0" errors="0" timestamp="2023-03-04T07:31:20" hostname="DESKTOP-4FRVMN0" time="67.044">
  <properties/>
  <testcase name="start" classname="AccountServiceTest" time="67.044"/>
  <system-out><![CDATA[?[1;31m
Start test 1?[0m
?[0;34m-------------------------------------------------------------------------------------------------------
?[0m?[0;34mIf you're seeing this code through Hyperskill, follow me on GitHub to see more projects like this one!
?[0m?[0;34m
?[0m?[0;34m ██████  ██ ████████ ██   ██ ██    ██ ██████         ███████  █████  ██████  ██    ██ ██  ██████ 
?[0m?[0;34m██       ██    ██    ██   ██ ██    ██ ██   ██ ██     ██      ██   ██ ██   ██ ██    ██ ██ ██      
?[0m?[0;34m██   ███ ██    ██    ███████ ██    ██ ██████         █████   ███████ ██████  ██    ██ ██ ██      
?[0m?[0;34m██    ██ ██    ██    ██   ██ ██    ██ ██   ██ ██     ██      ██   ██ ██   ██  ██  ██  ██ ██      
?[0m?[0;34m ██████  ██    ██    ██   ██  ██████  ██████         ██      ██   ██ ██   ██   ████   ██  ██████
?[0m?[0;34m  
?[0m?[0;34mGitHub: https://github.com/farvic
?[0m?[0;34mLinkedIn: https://www.linkedin.com/in/victorfa/
?[0m?[0;34m-------------------------------------------------------------------------------------------------------
?[0m?[0;34m2023-03-04 04:31:21.563  INFO 4340 --- [    Test worker] account.AccountServiceApplication        : Starting AccountServiceApplication using Java 17.0.6 on DESKTOP-4FRVMN0 with PID 4340 (started by Victor in D:\java\backend-java\Account Service\Account Service\task)
?[0m?[0;34m2023-03-04 04:31:21.566  INFO 4340 --- [    Test worker] account.AccountServiceApplication        : No active profile set, falling back to default profiles: default
?[0m?[0;34m2023-03-04 04:31:22.409  INFO 4340 --- [    Test worker] .s.d.r.c.RepositoryConfigurationDelegate : Bootstrapping Spring Data JPA repositories in DEFAULT mode.
?[0m?[0;34m2023-03-04 04:31:22.469  INFO 4340 --- [    Test worker] .s.d.r.c.RepositoryConfigurationDelegate : Finished Spring Data repository scanning in 52 ms. Found 4 JPA repository interfaces.
?[0m?[0;34m2023-03-04 04:31:23.090  INFO 4340 --- [    Test worker] o.s.b.w.embedded.tomcat.TomcatWebServer  : Tomcat initialized with port(s): 28852 (http)
?[0m?[0;34m2023-03-04 04:31:23.098  INFO 4340 --- [    Test worker] o.apache.catalina.core.StandardService   : Starting service [Tomcat]
?[0m?[0;34m2023-03-04 04:31:23.099  INFO 4340 --- [    Test worker] org.apache.catalina.core.StandardEngine  : Starting Servlet engine: [Apache Tomcat/9.0.54]
?[0m?[0;34m2023-03-04 04:31:23.197  INFO 4340 --- [    Test worker] o.a.c.c.C.[Tomcat].[localhost].[/]       : Initializing Spring embedded WebApplicationContext
?[0m?[0;34m2023-03-04 04:31:23.197  INFO 4340 --- [    Test worker] w.s.c.ServletWebServerApplicationContext : Root WebApplicationContext: initialization completed in 1600 ms
?[0m?[0;34m2023-03-04 04:31:23.414  INFO 4340 --- [    Test worker] com.zaxxer.hikari.HikariDataSource       : HikariPool-1 - Starting...
?[0m?[0;34m2023-03-04 04:31:23.589  INFO 4340 --- [    Test worker] com.zaxxer.hikari.HikariDataSource       : HikariPool-1 - Start completed.
?[0m?[0;34m2023-03-04 04:31:23.596  INFO 4340 --- [    Test worker] o.s.b.a.h2.H2ConsoleAutoConfiguration    : H2 console available at '/h2-console'. Database available at 'jdbc:h2:file:../service_db'
?[0m?[0;34m2023-03-04 04:31:23.859  INFO 4340 --- [    Test worker] o.hibernate.jpa.internal.util.LogHelper  : HHH000204: Processing PersistenceUnitInfo [name: default]
?[0m?[0;34m2023-03-04 04:31:23.906  INFO 4340 --- [    Test worker] org.hibernate.Version                    : HHH000412: Hibernate ORM core version 5.4.32.Final
?[0m?[0;34m2023-03-04 04:31:24.047  INFO 4340 --- [    Test worker] o.hibernate.annotations.common.Version   : HCANN000001: Hibernate Commons Annotations {5.1.2.Final}
?[0m?[0;34m2023-03-04 04:31:24.159  INFO 4340 --- [    Test worker] org.hibernate.dialect.Dialect            : HHH000400: Using dialect: org.hibernate.dialect.H2Dialect
?[0m?[0;34m2023-03-04 04:31:24.847  INFO 4340 --- [    Test worker] o.h.e.t.j.p.i.JtaPlatformInitiator       : HHH000490: Using JtaPlatform implementation: [org.hibernate.engine.transaction.jta.platform.internal.NoJtaPlatform]
?[0m?[0;34m2023-03-04 04:31:24.855  INFO 4340 --- [    Test worker] j.LocalContainerEntityManagerFactoryBean : Initialized JPA EntityManagerFactory for persistence unit 'default'
?[0m?[0;34m2023-03-04 04:31:25.181  WARN 4340 --- [    Test worker] JpaBaseConfiguration$JpaWebConfiguration : spring.jpa.open-in-view is enabled by default. Therefore, database queries may be performed during view rendering. Explicitly configure spring.jpa.open-in-view to disable this warning
?[0m?[0;34m2023-03-04 04:31:26.634  INFO 4340 --- [    Test worker] o.s.b.a.e.web.EndpointLinksResolver      : Exposing 14 endpoint(s) beneath base path '/actuator'
?[0m?[0;34m2023-03-04 04:31:26.736  INFO 4340 --- [    Test worker] o.s.s.web.DefaultSecurityFilterChain     : Will secure any request with [org.springframework.security.web.context.request.async.WebAsyncManagerIntegrationFilter@4e09c3b0, org.springframework.security.web.context.SecurityContextPersistenceFilter@63f08f9f, org.springframework.security.web.header.HeaderWriterFilter@75392381, org.springframework.security.web.authentication.logout.LogoutFilter@4842a683, org.springframework.security.web.authentication.www.BasicAuthenticationFilter@591cda84, org.springframework.security.web.savedrequest.RequestCacheAwareFilter@4bd7e0b6, org.springframework.security.web.servletapi.SecurityContextHolderAwareRequestFilter@54c9c09c, org.springframework.security.web.authentication.AnonymousAuthenticationFilter@64f34c91, org.springframework.security.web.session.SessionManagementFilter@e8ef60b, org.springframework.security.web.access.ExceptionTranslationFilter@2c6ed95a, org.springframework.security.web.access.intercept.FilterSecurityInterceptor@28ec92c9]
?[0m?[0;34m2023-03-04 04:31:27.187  INFO 4340 --- [    Test worker] o.s.b.w.embedded.tomcat.TomcatWebServer  : Tomcat started on port(s): 28852 (http) with context path ''
?[0m?[0;34m2023-03-04 04:31:27.200  INFO 4340 --- [    Test worker] account.AccountServiceApplication        : Started AccountServiceApplication in 5.943 seconds (JVM running for 6.787)
?[0;34m2023-03-04 04:31:27.463  INFO 4340 --- [io-28852-exec-1] o.a.c.c.C.[Tomcat].[localhost].[/]       : Initializing Spring DispatcherServlet 'dispatcherServlet'
?[0m?[0;34m2023-03-04 04:31:27.463  INFO 4340 --- [io-28852-exec-1] o.s.web.servlet.DispatcherServlet        : Initializing Servlet 'dispatcherServlet'
?[0m?[0;34m2023-03-04 04:31:27.465  INFO 4340 --- [io-28852-exec-1] o.s.web.servlet.DispatcherServlet        : Completed initialization in 2 ms
?[0m?[1;31m
Start test 2?[0m
?[1;31m
Start test 3?[0m
?[0;34m2023-03-04 04:31:29.786  INFO 4340 --- [io-28852-exec-3] account.services.AuthServiceImpl         : GRANT user role for user: IvanIvanov@acme.com to role: AUDITOR
?[1;31m
Start test 4?[0m
?[1;31m
Start test 5?[0m
?[1;31m
Start test 6?[0m
?[1;31m
Start test 7?[0m
?[1;31m
Start test 8?[0m
?[1;31m
Start test 9?[0m
?[1;31m
Start test 10?[0m
?[1;31m
Start test 11?[0m
?[1;31m
Start test 12?[0m
?[1;31m
Start test 13?[0m
?[0m?[0;34m2023-03-04 04:31:34.759  INFO 4340 --- [io-28852-exec-3] a.s.AuthenticationFailureListener        : Failure: onApplicationEvent: maxmustermann@acme.com
?[0m?[0;34m2023-03-04 04:31:34.761  INFO 4340 --- [io-28852-exec-3] account.services.AuthServiceImpl         : EXCEÇÃO É ANTES DAQUI
?[1;31m
Start test 14?[0m
?[1;31m
Start test 15?[0m
?[1;31m
Start test 16?[0m
?[1;31m
Start test 17?[0m
?[1;31m
Start test 18?[0m
?[1;31m
Start test 19?[0m
?[1;31m
Start test 20?[0m
?[0;34m2023-03-04 04:31:37.798  INFO 4340 --- [       Thread-5] j.LocalContainerEntityManagerFactoryBean : Closing JPA EntityManagerFactory for persistence unit 'default'
?[0m?[0;34m2023-03-04 04:31:37.799  INFO 4340 --- [       Thread-5] com.zaxxer.hikari.HikariDataSource       : HikariPool-1 - Shutdown initiated...
?[0m?[0;34m2023-03-04 04:31:38.133  INFO 4340 --- [       Thread-5] com.zaxxer.hikari.HikariDataSource       : HikariPool-1 - Shutdown completed.
?[0;34m-------------------------------------------------------------------------------------------------------
?[0m?[0;34mIf you're seeing this code through Hyperskill, follow me on GitHub to see more projects like this one!
?[0m?[0;34m
?[0m?[0;34m ██████  ██ ████████ ██   ██ ██    ██ ██████         ███████  █████  ██████  ██    ██ ██  ██████ 
?[0m?[0;34m██       ██    ██    ██   ██ ██    ██ ██   ██ ██     ██      ██   ██ ██   ██ ██    ██ ██ ██      
?[0m?[0;34m██   ███ ██    ██    ███████ ██    ██ ██████         █████   ███████ ██████  ██    ██ ██ ██      
?[0m?[0;34m██    ██ ██    ██    ██   ██ ██    ██ ██   ██ ██     ██      ██   ██ ██   ██  ██  ██  ██ ██      
?[0m?[0;34m ██████  ██    ██    ██   ██  ██████  ██████         ██      ██   ██ ██   ██   ████   ██  ██████
?[0m?[0;34m  
?[0m?[0;34mGitHub: https://github.com/farvic
?[0m?[0;34mLinkedIn: https://www.linkedin.com/in/victorfa/
?[0m?[0;34m-------------------------------------------------------------------------------------------------------
?[0m?[0;34m2023-03-04 04:31:48.205  INFO 4340 --- [    Test worker] account.AccountServiceApplication        : Starting AccountServiceApplication using Java 17.0.6 on DESKTOP-4FRVMN0 with PID 4340 (started by Victor in D:\java\backend-java\Account Service\Account Service\task)
?[0m?[0;34m2023-03-04 04:31:48.205  INFO 4340 --- [    Test worker] account.AccountServiceApplication        : No active profile set, falling back to default profiles: default
?[0m?[0;34m2023-03-04 04:31:48.501  INFO 4340 --- [    Test worker] .s.d.r.c.RepositoryConfigurationDelegate : Bootstrapping Spring Data JPA repositories in DEFAULT mode.
?[0m?[0;34m2023-03-04 04:31:48.518  INFO 4340 --- [    Test worker] .s.d.r.c.RepositoryConfigurationDelegate : Finished Spring Data repository scanning in 16 ms. Found 4 JPA repository interfaces.
?[0m?[0;34m2023-03-04 04:31:48.627  INFO 4340 --- [    Test worker] o.s.b.w.embedded.tomcat.TomcatWebServer  : Tomcat initialized with port(s): 28852 (http)
?[0m?[0;34m2023-03-04 04:31:48.628  INFO 4340 --- [    Test worker] o.apache.catalina.core.StandardService   : Starting service [Tomcat]
?[0m?[0;34m2023-03-04 04:31:48.628  INFO 4340 --- [    Test worker] org.apache.catalina.core.StandardEngine  : Starting Servlet engine: [Apache Tomcat/9.0.54]
?[0m?[0;34m2023-03-04 04:31:48.666  INFO 4340 --- [    Test worker] o.a.c.c.C.[Tomcat].[localhost].[/]       : Initializing Spring embedded WebApplicationContext
?[0m?[0;34m2023-03-04 04:31:48.666  INFO 4340 --- [    Test worker] w.s.c.ServletWebServerApplicationContext : Root WebApplicationContext: initialization completed in 459 ms
?[0m?[0;34m2023-03-04 04:31:48.779  INFO 4340 --- [    Test worker] com.zaxxer.hikari.HikariDataSource       : HikariPool-2 - Starting...
?[0m?[0;34m2023-03-04 04:31:48.787  INFO 4340 --- [    Test worker] com.zaxxer.hikari.HikariDataSource       : HikariPool-2 - Start completed.
?[0m?[0;34m2023-03-04 04:31:48.788  INFO 4340 --- [    Test worker] o.s.b.a.h2.H2ConsoleAutoConfiguration    : H2 console available at '/h2-console'. Database available at 'jdbc:h2:file:../service_db'
?[0m?[0;34m2023-03-04 04:31:48.919  INFO 4340 --- [    Test worker] o.hibernate.jpa.internal.util.LogHelper  : HHH000204: Processing PersistenceUnitInfo [name: default]
?[0m?[0;34m2023-03-04 04:31:48.923  INFO 4340 --- [    Test worker] org.hibernate.dialect.Dialect            : HHH000400: Using dialect: org.hibernate.dialect.H2Dialect
?[0m?[0;34m2023-03-04 04:31:49.012  INFO 4340 --- [    Test worker] o.h.e.t.j.p.i.JtaPlatformInitiator       : HHH000490: Using JtaPlatform implementation: [org.hibernate.engine.transaction.jta.platform.internal.NoJtaPlatform]
?[0m?[0;34m2023-03-04 04:31:49.012  INFO 4340 --- [    Test worker] j.LocalContainerEntityManagerFactoryBean : Initialized JPA EntityManagerFactory for persistence unit 'default'
?[0m?[0;34m2023-03-04 04:31:49.088  WARN 4340 --- [    Test worker] JpaBaseConfiguration$JpaWebConfiguration : spring.jpa.open-in-view is enabled by default. Therefore, database queries may be performed during view rendering. Explicitly configure spring.jpa.open-in-view to disable this warning
?[0m?[0;34m2023-03-04 04:31:49.233  WARN 4340 --- [    Test worker] o.h.engine.jdbc.spi.SqlExceptionHelper   : SQL Error: 23505, SQLState: 23505
?[0m?[0;34m2023-03-04 04:31:49.233 ERROR 4340 --- [    Test worker] o.h.engine.jdbc.spi.SqlExceptionHelper   : Unique index or primary key violation: "PUBLIC.UK_7NBDQY3H6UJWHTWAPM0ENSTRI_INDEX_9 ON PUBLIC.SECURITY_GROUP(ROLE) VALUES 1"; SQL statement:
?[0m?[0;34minsert into security_group (role, group_id) values (?, ?) [23505-200]
?[0m?[0;34m2023-03-04 04:31:49.728  INFO 4340 --- [    Test worker] o.s.b.a.e.web.EndpointLinksResolver      : Exposing 14 endpoint(s) beneath base path '/actuator'
?[0m?[0;34m2023-03-04 04:31:49.799  INFO 4340 --- [    Test worker] o.s.s.web.DefaultSecurityFilterChain     : Will secure any request with [org.springframework.security.web.context.request.async.WebAsyncManagerIntegrationFilter@3094111c, org.springframework.security.web.context.SecurityContextPersistenceFilter@23faae85, org.springframework.security.web.header.HeaderWriterFilter@566b1b0f, org.springframework.security.web.authentication.logout.LogoutFilter@6c30efc4, org.springframework.security.web.authentication.www.BasicAuthenticationFilter@10847aeb, org.springframework.security.web.savedrequest.RequestCacheAwareFilter@48f08e9, org.springframework.security.web.servletapi.SecurityContextHolderAwareRequestFilter@ab2d814, org.springframework.security.web.authentication.AnonymousAuthenticationFilter@776e4088, org.springframework.security.web.session.SessionManagementFilter@20961f8b, org.springframework.security.web.access.ExceptionTranslationFilter@815e8e3, org.springframework.security.web.access.intercept.FilterSecurityInterceptor@7241872c]
?[0m?[0;34m2023-03-04 04:31:50.047  INFO 4340 --- [    Test worker] o.s.b.w.embedded.tomcat.TomcatWebServer  : Tomcat started on port(s): 28852 (http) with context path ''
?[0m?[0;34m2023-03-04 04:31:50.055  INFO 4340 --- [    Test worker] account.AccountServiceApplication        : Started AccountServiceApplication in 1.869 seconds (JVM running for 29.642)
?[0m?[1;31m
Start test 21?[0m
?[0;34m2023-03-04 04:31:50.062  INFO 4340 --- [io-28852-exec-1] o.a.c.c.C.[Tomcat].[localhost].[/]       : Initializing Spring DispatcherServlet 'dispatcherServlet'
?[0m?[0;34m2023-03-04 04:31:50.062  INFO 4340 --- [io-28852-exec-1] o.s.web.servlet.DispatcherServlet        : Initializing Servlet 'dispatcherServlet'
?[0m?[0;34m2023-03-04 04:31:50.064  INFO 4340 --- [io-28852-exec-1] o.s.web.servlet.DispatcherServlet        : Completed initialization in 2 ms
?[1;31m
Start test 22?[0m
?[0;34m2023-03-04 04:31:51.573  INFO 4340 --- [io-28852-exec-2] account.services.AuthServiceImpl         : GRANT user role for user: JohnDoe@acme.com to role: AUDITOR
?[1;31m
Start test 23?[0m
?[0;34m2023-03-04 04:31:52.078  INFO 4340 --- [io-28852-exec-3] account.services.AuthServiceImpl         : GRANT user role for user: PetrPetrov@acme.com to role: ACCOUNTANT
?[1;31m
Start test 24?[0m
?[1;31m
Start test 25?[0m
?[0;34m2023-03-04 04:31:53.086  INFO 4340 --- [io-28852-exec-7] account.services.AuthServiceImpl         : REMOVE user role for user: PetrPetrov@acme.com to role: ACCOUNTANT
?[1;31m
Start test 26?[0m
?[1;31m
Start test 27?[0m
?[1;31m
Start test 28?[0m
?[1;31m
Start test 29?[0m
?[1;31m
Start test 30?[0m
?[1;31m
Start test 31?[0m
?[0m?[0;34m2023-03-04 04:31:57.117  WARN 4340 --- [io-28852-exec-3] a.config.CustomAccessDeniedHandler       : User: ivanivanov@acme.com attempted to access the protected URL: /api/admin/user/role
?[1;31m
Start test 32?[0m
?[1;31m
Start test 33?[0m
?[0;34m2023-03-04 04:31:58.117  WARN 4340 --- [io-28852-exec-6] a.config.CustomAccessDeniedHandler       : User: ivanivanov@acme.com attempted to access the protected URL: /api/admin/user/
?[1;31m
Start test 34?[0m
?[1;31m
Start test 35?[0m
?[0m?[0;34m2023-03-04 04:31:59.115  WARN 4340 --- [io-28852-exec-7] a.config.CustomAccessDeniedHandler       : User: ivanivanov@acme.com attempted to access the protected URL: /api/admin/user/
?[1;31m
Start test 36?[0m
?[1;31m
Start test 37?[0m
?[0;34m2023-03-04 04:32:00.101  WARN 4340 --- [io-28852-exec-9] a.config.CustomAccessDeniedHandler       : User: johndoe@acme.com attempted to access the protected URL: /api/acct/payments
?[1;31m
Start test 38?[0m
?[1;31m
Start test 39?[0m
?[0m?[0;34m2023-03-04 04:32:01.088  WARN 4340 --- [io-28852-exec-1] a.config.CustomAccessDeniedHandler       : User: maxmustermann@acme.com attempted to access the protected URL: /api/acct/payments
?[1;31m
Start test 40?[0m
?[1;31m
Start test 41?[0m
?[0m?[0;34m2023-03-04 04:32:02.118  WARN 4340 --- [io-28852-exec-3] a.config.CustomAccessDeniedHandler       : User: johndoe@acme.com attempted to access the protected URL: /api/empl/payment
?[1;31m
Start test 42?[0m
?[1;31m
Start test 43?[0m
?[0m?[0;34m2023-03-04 04:32:03.129  WARN 4340 --- [io-28852-exec-6] a.config.CustomAccessDeniedHandler       : User: johndoe@acme.com attempted to access the protected URL: /api/security/events/
?[1;31m
Start test 44?[0m
?[1;31m
Start test 45?[0m
?[0m?[0;34m2023-03-04 04:32:04.135  INFO 4340 --- [io-28852-exec-7] a.s.AuthenticationFailureListener        : Failure: onApplicationEvent: maxmustermann@acme.com
?[0m?[0;34m2023-03-04 04:32:04.136  INFO 4340 --- [io-28852-exec-7] account.services.AuthServiceImpl         : EXCEÇÃO É ANTES DAQUI
?[1;31m
Start test 46?[0m
?[1;31m
Start test 47?[0m
?[0m?[0;34m2023-03-04 04:32:05.211  INFO 4340 --- [io-28852-exec-9] a.s.AuthenticationFailureListener        : Failure: onApplicationEvent: maxmustermann@acme.com
?[0m?[0;34m2023-03-04 04:32:05.216  INFO 4340 --- [io-28852-exec-9] account.services.AuthServiceImpl         : EXCEÇÃO É ANTES DAQUI
?[1;31m
Start test 48?[0m
?[1;31m
Start test 49?[0m
?[0m?[0;34m2023-03-04 04:32:06.235  INFO 4340 --- [io-28852-exec-1] a.s.AuthenticationFailureListener        : Failure: onApplicationEvent: maxmustermann@acme.com
?[0m?[0;34m2023-03-04 04:32:06.237  INFO 4340 --- [io-28852-exec-1] account.services.AuthServiceImpl         : EXCEÇÃO É ANTES DAQUI
?[1;31m
Start test 50?[0m
?[1;31m
Start test 51?[0m
?[0m?[0;34m2023-03-04 04:32:07.223  INFO 4340 --- [io-28852-exec-3] a.s.AuthenticationFailureListener        : Failure: onApplicationEvent: maxmustermann@acme.com
?[0m?[0;34m2023-03-04 04:32:07.225  INFO 4340 --- [io-28852-exec-3] account.services.AuthServiceImpl         : EXCEÇÃO É ANTES DAQUI
?[1;31m
Start test 52?[0m
?[1;31m
Start test 53?[0m
?[0m?[0;34m2023-03-04 04:32:08.216  INFO 4340 --- [io-28852-exec-6] a.s.AuthenticationFailureListener        : Failure: onApplicationEvent: maxmustermann@acme.com
?[0m?[0;34m2023-03-04 04:32:08.217  INFO 4340 --- [io-28852-exec-6] account.services.AuthServiceImpl         : EXCEÇÃO É ANTES DAQUI
?[1;31m
Start test 54?[0m
?[1;31m
Start test 55?[0m
?[1;31m
Start test 56?[0m
?[1;31m
Start test 57?[0m
?[1;31m
Start test 58?[0m
?[1;31m
Start test 59?[0m
?[1;31m
Start test 60?[0m
?[0m?[0;34m2023-03-04 04:32:11.184  INFO 4340 --- [io-28852-exec-2] a.s.AuthenticationFailureListener        : Failure: onApplicationEvent: maxmustermann@acme.com
?[0m?[0;34m2023-03-04 04:32:11.185  INFO 4340 --- [io-28852-exec-2] account.services.AuthServiceImpl         : EXCEÇÃO É ANTES DAQUI
?[1;31m
Start test 61?[0m
?[1;31m
Start test 62?[0m
?[0;34m2023-03-04 04:32:12.166  INFO 4340 --- [io-28852-exec-5] a.s.AuthenticationFailureListener        : Failure: onApplicationEvent: maxmustermann@acme.com
?[0m?[0;34m2023-03-04 04:32:12.168  INFO 4340 --- [io-28852-exec-5] account.services.AuthServiceImpl         : EXCEÇÃO É ANTES DAQUI
?[1;31m
Start test 63?[0m
?[1;31m
Start test 64?[0m
?[0;34m2023-03-04 04:32:13.146  INFO 4340 --- [io-28852-exec-4] a.s.AuthenticationFailureListener        : Failure: onApplicationEvent: maxmustermann@acme.com
?[0m?[0;34m2023-03-04 04:32:13.147  INFO 4340 --- [io-28852-exec-4] account.services.AuthServiceImpl         : EXCEÇÃO É ANTES DAQUI
?[1;31m
Start test 65?[0m
?[1;31m
Start test 66?[0m
?[0;34m2023-03-04 04:32:14.135  INFO 4340 --- [io-28852-exec-8] a.s.AuthenticationFailureListener        : Failure: onApplicationEvent: maxmustermann@acme.com
?[0m?[0;34m2023-03-04 04:32:14.137  INFO 4340 --- [io-28852-exec-8] account.services.AuthServiceImpl         : EXCEÇÃO É ANTES DAQUI
?[1;31m
Start test 67?[0m
?[1;31m
Start test 68?[0m
?[1;31m
Start test 69?[0m
?[0m?[0;34m2023-03-04 04:32:15.615  INFO 4340 --- [io-28852-exec-1] a.s.AuthenticationFailureListener        : Failure: onApplicationEvent: maxmustermann@acme.com
?[0m?[0;34m2023-03-04 04:32:15.617  INFO 4340 --- [io-28852-exec-1] account.services.AuthServiceImpl         : EXCEÇÃO É ANTES DAQUI
?[1;31m
Start test 70?[0m
?[1;31m
Start test 71?[0m
?[1;31m
Start test 72?[0m
?[1;31m
Start test 73?[0m
?[1;31m
Start test 74?[0m
?[1;31m
Start test 75?[0m
?[1;31m
Start test 76?[0m
?[1;31m
Start test 77?[0m
?[0m?[0;34m2023-03-04 04:32:19.122  INFO 4340 --- [io-28852-exec-9] a.s.AuthenticationFailureListener        : Failure: onApplicationEvent: petrpetrov@acme.com
?[0m?[0;34m2023-03-04 04:32:19.123  INFO 4340 --- [io-28852-exec-9] account.services.AuthServiceImpl         : EXCEÇÃO É ANTES DAQUI
?[1;31m
Start test 78?[0m
?[0;34m2023-03-04 04:32:19.619  INFO 4340 --- [o-28852-exec-10] a.s.AuthenticationFailureListener        : Failure: onApplicationEvent: petrpetrov@acme.com
?[0m?[0;34m2023-03-04 04:32:19.620  INFO 4340 --- [o-28852-exec-10] account.services.AuthServiceImpl         : EXCEÇÃO É ANTES DAQUI
?[1;31m
Start test 79?[0m
?[0m?[0;34m2023-03-04 04:32:20.111  INFO 4340 --- [io-28852-exec-1] a.s.AuthenticationFailureListener        : Failure: onApplicationEvent: petrpetrov@acme.com
?[0m?[0;34m2023-03-04 04:32:20.113  INFO 4340 --- [io-28852-exec-1] account.services.AuthServiceImpl         : EXCEÇÃO É ANTES DAQUI
?[1;31m
Start test 80?[0m
?[0m?[0;34m2023-03-04 04:32:20.607  INFO 4340 --- [io-28852-exec-2] a.s.AuthenticationFailureListener        : Failure: onApplicationEvent: petrpetrov@acme.com
?[0m?[0;34m2023-03-04 04:32:20.609  INFO 4340 --- [io-28852-exec-2] account.services.AuthServiceImpl         : EXCEÇÃO É ANTES DAQUI
?[1;31m
Start test 81?[0m
?[1;31m
Start test 82?[0m
?[0m?[0;34m2023-03-04 04:32:21.628  INFO 4340 --- [io-28852-exec-5] a.s.AuthenticationFailureListener        : Failure: onApplicationEvent: petrpetrov@acme.com
?[0m?[0;34m2023-03-04 04:32:21.630  INFO 4340 --- [io-28852-exec-5] account.services.AuthServiceImpl         : EXCEÇÃO É ANTES DAQUI
?[1;31m
Start test 83?[0m
?[1;31m
Start test 84?[0m
?[0m?[0;34m2023-03-04 04:32:22.639  INFO 4340 --- [io-28852-exec-4] a.s.AuthenticationFailureListener        : Failure: onApplicationEvent: petrpetrov@acme.com
?[0m?[0;34m2023-03-04 04:32:22.641  INFO 4340 --- [io-28852-exec-4] account.services.AuthServiceImpl         : EXCEÇÃO É ANTES DAQUI
?[1;31m
Start test 85?[0m
?[0m?[0;34m2023-03-04 04:32:23.139  INFO 4340 --- [io-28852-exec-7] a.s.AuthenticationFailureListener        : Failure: onApplicationEvent: petrpetrov@acme.com
?[0m?[0;34m2023-03-04 04:32:23.141  INFO 4340 --- [io-28852-exec-7] account.services.AuthServiceImpl         : EXCEÇÃO É ANTES DAQUI
?[1;31m
Start test 86?[0m
?[0m?[0;34m2023-03-04 04:32:23.636  INFO 4340 --- [io-28852-exec-8] a.s.AuthenticationFailureListener        : Failure: onApplicationEvent: petrpetrov@acme.com
?[0m?[0;34m2023-03-04 04:32:23.638  INFO 4340 --- [io-28852-exec-8] account.services.AuthServiceImpl         : EXCEÇÃO É ANTES DAQUI
?[1;31m
Start test 87?[0m
?[0m?[0;34m2023-03-04 04:32:24.130  INFO 4340 --- [io-28852-exec-9] a.s.AuthenticationFailureListener        : Failure: onApplicationEvent: petrpetrov@acme.com
?[0m?[0;34m2023-03-04 04:32:24.132  INFO 4340 --- [io-28852-exec-9] account.services.AuthServiceImpl         : EXCEÇÃO É ANTES DAQUI
?[1;31m
Start test 88?[0m
?[0m?[0;34m2023-03-04 04:32:24.690  INFO 4340 --- [o-28852-exec-10] a.s.AuthenticationFailureListener        : Failure: onApplicationEvent: petrpetrov@acme.com
?[0m?[0;34m2023-03-04 04:32:24.692  INFO 4340 --- [o-28852-exec-10] account.services.AuthServiceImpl         : EXCEÇÃO É ANTES DAQUI
?[1;31m
Start test 89?[0m
?[1;31m
Start test 90?[0m
?[0m?[0;34m2023-03-04 04:32:25.207  INFO 4340 --- [io-28852-exec-2] a.s.AuthenticationFailureListener        : Failure: onApplicationEvent: johndoe@acme.com
?[0m?[0;34m2023-03-04 04:32:25.209  INFO 4340 --- [io-28852-exec-2] account.services.AuthServiceImpl         : EXCEÇÃO É ANTES DAQUI
?[1;31m
Start test 91?[0m
?[0m?[0;34m2023-03-04 04:32:25.914  INFO 4340 --- [io-28852-exec-3] a.s.AuthenticationFailureListener        : Failure: onApplicationEvent: johndoe@acme.com
?[0m?[0;34m2023-03-04 04:32:25.916  INFO 4340 --- [io-28852-exec-3] account.services.AuthServiceImpl         : EXCEÇÃO É ANTES DAQUI
?[1;31m
Start test 92?[0m
?[0m?[0;34m2023-03-04 04:32:26.433  INFO 4340 --- [io-28852-exec-5] a.s.AuthenticationFailureListener        : Failure: onApplicationEvent: johndoe@acme.com
?[0m?[0;34m2023-03-04 04:32:26.435  INFO 4340 --- [io-28852-exec-5] account.services.AuthServiceImpl         : EXCEÇÃO É ANTES DAQUI
?[1;31m
Start test 93?[0m
?[0m?[0;34m2023-03-04 04:32:26.932  INFO 4340 --- [io-28852-exec-6] a.s.AuthenticationFailureListener        : Failure: onApplicationEvent: johndoe@acme.com
?[0m?[0;34m2023-03-04 04:32:26.933  INFO 4340 --- [io-28852-exec-6] account.services.AuthServiceImpl         : EXCEÇÃO É ANTES DAQUI
?[1;31m
Start test 94?[0m
?[0m?[0;34m2023-03-04 04:32:27.421  INFO 4340 --- [io-28852-exec-4] a.s.AuthenticationFailureListener        : Failure: onApplicationEvent: johndoe@acme.com
?[0m?[0;34m2023-03-04 04:32:27.422  INFO 4340 --- [io-28852-exec-4] account.services.AuthServiceImpl         : EXCEÇÃO É ANTES DAQUI
?[1;31m
Start test 95?[0m
]]></system-out>
  <system-err><![CDATA[]]></system-err>
</testsuite>
