<?xml version="1.0" encoding="UTF-8"?>
<testsuite name="cinema.domain.SeatTest" tests="1" skipped="0" failures="0" errors="0" timestamp="2023-02-12T18:59:00" hostname="DESKTOP-4FRVMN0" time="0.001">
  <properties/>
  <testcase name="testToString" classname="cinema.domain.SeatTest" time="0.001"/>
  <system-out><![CDATA[]]></system-out>
  <system-err><![CDATA[]]></system-err>
</testsuite>
